0001_0004_0015_0065_0065.jpg 1 4 15 65 65
0002_0020_0024_0069_0069.jpg 1 20 24 69 69
0003_0041_0042_0048_0048.jpg 1 41 42 48 48
0004_0009_0035_0039_0039.jpg 1 9 35 39 39
0005_0035_0019_0046_0046.jpg 1 35 19 46 46
0006_0010_0025_0054_0054.jpg 1 10 25 54 54
0007_0049_0029_0026_0026.jpg 1 49 29 26 26
0008_0017_0019_0059_0059.jpg 1 17 19 59 59
0009_0033_0009_0035_0035.jpg 1 33 9 35 35
0010_0032_0044_0031_0031.jpg 1 32 44 31 31
0011_0010_0024_0052_0052.jpg 1 10 24 52 52
0012_0023_0058_0030_0030.jpg 1 23 58 30 30
0013_0057_0021_0030_0030.jpg 1 57 21 30 30
0014_0047_0047_0033_0033.jpg 1 47 47 33 33
0015_0005_0010_0051_0051.jpg 1 5 10 51 51
0016_0038_0044_0032_0032.jpg 1 38 44 32 32
0017_0009_0060_0026_0026.jpg 1 9 60 26 26
0018_0012_0020_0064_0064.jpg 1 12 20 64 64
0019_0042_0060_0025_0025.jpg 1 42 60 25 25
0020_0014_0053_0030_0030.jpg 1 14 53 30 30
0021_0020_0035_0051_0051.jpg 1 20 35 51 51
0022_0021_0010_0068_0068.jpg 1 21 10 68 68
0023_0036_0009_0046_0046.jpg 1 36 9 46 46
0024_0030_0038_0050_0050.jpg 1 30 38 50 50
0025_0006_0006_0066_0066.jpg 1 6 6 66 66
0026_0056_0028_0028_0028.jpg 1 56 28 28 28
0027_0031_0015_0033_0033.jpg 1 31 15 33 33
0028_0034_0023_0039_0039.jpg 1 34 23 39 39
0029_0036_0059_0028_0028.jpg 1 36 59 28 28
0030_0044_0032_0038_0038.jpg 1 44 32 38 38
0031_0045_0026_0033_0033.jpg 1 45 26 33 33
0032_0008_0042_0026_0026.jpg 1 8 42 26 26
0033_0034_0011_0049_0049.jpg 1 34 11 49 49
0034_0017_0009_0043_0043.jpg 1 17 9 43 43
0035_0005_0015_0042_0042.jpg 1 5 15 42 42
0036_0037_0031_0042_0042.jpg 1 37 31 42 42
0037_0051_0034_0034_0034.jpg 1 51 34 34 34
0038_0018_0014_0059_0059.jpg 1 18 14 59 59
0039_0031_0026_0058_0058.jpg 1 31 26 58 58
0040_0024_0004_0065_0065.jpg 1 24 4 65 65
0041_0019_0012_0034_0034.jpg 1 19 12 34 34
0042_0053_0019_0027_0027.jpg 1 53 19 27 27
0043_0032_0027_0058_0058.jpg 1 32 27 58 58
0044_0034_0007_0029_0029.jpg 1 34 7 29 29
0045_0034_0015_0025_0025.jpg 1 34 15 25 25
0046_0036_0038_0042_0042.jpg 1 36 38 42 42
0047_0028_0011_0066_0066.jpg 1 28 11 66 66
0048_0008_0050_0033_0033.jpg 1 8 50 33 33
0049_0035_0021_0037_0037.jpg 1 35 21 37 37
0050_0022_0024_0056_0056.jpg 1 22 24 56 56
0051_0033_0035_0046_0046.jpg 1 33 35 46 46
0052_0030_0007_0044_0044.jpg 1 30 7 44 44
0053_0032_0005_0058_0058.jpg 1 32 5 58 58
0054_0005_0006_0042_0042.jpg 1 5 6 42 42
0055_0006_0007_0059_0059.jpg 1 6 7 59 59
0056_0051_0024_0036_0036.jpg 1 51 24 36 36
0057_0012_0018_0055_0055.jpg 1 12 18 55 55
0058_0014_0018_0051_0051.jpg 1 14 18 51 51
0059_0014_0010_0062_0062.jpg 1 14 10 62 62
0060_0011_0020_0063_0063.jpg 1 11 20 63 63
0061_0007_0007_0058_0058.jpg 1 7 7 58 58
0062_0031_0054_0031_0031.jpg 1 31 54 31 31
0063_0041_0008_0040_0040.jpg 1 41 8 40 40
0064_0050_0012_0043_0043.jpg 1 50 12 43 43
0065_0047_0021_0043_0043.jpg 1 47 21 43 43
0066_0043_0025_0041_0041.jpg 1 43 25 41 41
0067_0015_0007_0028_0028.jpg 1 15 7 28 28
0068_0003_0012_0065_0065.jpg 1 3 12 65 65
0069_0020_0028_0054_0054.jpg 1 20 28 54 54
0070_0024_0009_0034_0034.jpg 1 24 9 34 34
0071_0047_0062_0025_0025.jpg 1 47 62 25 25
0072_0007_0009_0065_0065.jpg 1 7 9 65 65
0073_0030_0014_0062_0062.jpg 1 30 14 62 62
0074_0033_0018_0061_0061.jpg 1 33 18 61 61
0075_0043_0042_0042_0042.jpg 1 43 42 42 42
0076_0011_0011_0034_0034.jpg 1 11 11 34 34
0077_0041_0016_0041_0041.jpg 1 41 16 41 41
0078_0005_0017_0062_0062.jpg 1 5 17 62 62
0079_0010_0009_0066_0066.jpg 1 10 9 66 66
0080_0008_0043_0047_0047.jpg 1 8 43 47 47
0081_0027_0048_0039_0039.jpg 1 27 48 39 39
0082_0026_0010_0040_0040.jpg 1 26 10 40 40
0083_0051_0023_0034_0034.jpg 1 51 23 34 34
0084_0054_0015_0029_0029.jpg 1 54 15 29 29
0085_0035_0008_0051_0051.jpg 1 35 8 51 51
0086_0024_0038_0049_0049.jpg 1 24 38 49 49
0087_0027_0027_0066_0066.jpg 1 27 27 66 66
0088_0019_0014_0035_0035.jpg 1 19 14 35 35
0089_0031_0032_0056_0056.jpg 1 31 32 56 56
0090_0017_0006_0041_0041.jpg 1 17 6 41 41
0091_0039_0027_0055_0055.jpg 1 39 27 55 55
0092_0025_0016_0065_0065.jpg 1 25 16 65 65
0093_0038_0016_0028_0028.jpg 1 38 16 28 28
0094_0012_0018_0060_0060.jpg 1 12 18 60 60
0095_0011_0034_0049_0049.jpg 1 11 34 49 49
0096_0035_0031_0055_0055.jpg 1 35 31 55 55
0097_0041_0033_0040_0040.jpg 1 41 33 40 40
0098_0013_0035_0042_0042.jpg 1 13 35 42 42
0099_0039_0022_0042_0042.jpg 1 39 22 42 42
0100_0029_0017_0063_0063.jpg 1 29 17 63 63
0101_0026_0031_0047_0047.jpg 1 26 31 47 47
0102_0045_0023_0039_0039.jpg 1 45 23 39 39
0103_0013_0062_0028_0028.jpg 1 13 62 28 28
0104_0005_0023_0066_0066.jpg 1 5 23 66 66
0105_0025_0056_0026_0026.jpg 1 25 56 26 26
0106_0023_0040_0029_0029.jpg 1 23 40 29 29
0107_0016_0016_0066_0066.jpg 1 16 16 66 66
0108_0008_0015_0044_0044.jpg 1 8 15 44 44
0109_0023_0005_0041_0041.jpg 1 23 5 41 41
0110_0015_0022_0045_0045.jpg 1 15 22 45 45
0111_0027_0022_0030_0030.jpg 1 27 22 30 30
0112_0011_0020_0063_0063.jpg 1 11 20 63 63
0113_0053_0052_0031_0031.jpg 1 53 52 31 31
0114_0042_0038_0029_0029.jpg 1 42 38 29 29
0115_0019_0023_0065_0065.jpg 1 19 23 65 65
0116_0053_0042_0026_0026.jpg 1 53 42 26 26
0117_0023_0009_0029_0029.jpg 1 23 9 29 29
0118_0038_0012_0054_0054.jpg 1 38 12 54 54
0119_0050_0038_0039_0039.jpg 1 50 38 39 39
0120_0048_0040_0037_0037.jpg 1 48 40 37 37
0121_0021_0044_0042_0042.jpg 1 21 44 42 42
0122_0034_0017_0033_0033.jpg 1 34 17 33 33
0123_0043_0051_0041_0041.jpg 1 43 51 41 41
0124_0010_0022_0055_0055.jpg 1 10 22 55 55
0125_0061_0034_0024_0024.jpg 1 61 34 24 24
0126_0023_0014_0053_0053.jpg 1 23 14 53 53
0127_0035_0052_0032_0032.jpg 1 35 52 32 32
0128_0031_0058_0030_0030.jpg 1 31 58 30 30
0129_0037_0033_0056_0056.jpg 1 37 33 56 56
0130_0021_0030_0027_0027.jpg 1 21 30 27 27
0131_0027_0024_0064_0064.jpg 1 27 24 64 64
0132_0020_0034_0055_0055.jpg 1 20 34 55 55
0133_0038_0009_0037_0037.jpg 1 38 9 37 37
0134_0020_0006_0040_0040.jpg 1 20 6 40 40
0135_0006_0043_0044_0044.jpg 1 6 43 44 44
0136_0038_0016_0027_0027.jpg 1 38 16 27 27
0137_0021_0020_0040_0040.jpg 1 21 20 40 40
0138_0027_0036_0039_0039.jpg 1 27 36 39 39
0139_0047_0051_0027_0027.jpg 1 47 51 27 27
0140_0013_0036_0058_0058.jpg 1 13 36 58 58
0141_0048_0027_0042_0042.jpg 1 48 27 42 42
0142_0020_0024_0068_0068.jpg 1 20 24 68 68
0143_0049_0010_0025_0025.jpg 1 49 10 25 25
0144_0023_0011_0032_0032.jpg 1 23 11 32 32
0145_0040_0027_0037_0037.jpg 1 40 27 37 37
0146_0060_0043_0029_0029.jpg 1 60 43 29 29
0147_0028_0015_0050_0050.jpg 1 28 15 50 50
0148_0056_0013_0026_0026.jpg 1 56 13 26 26
0149_0003_0021_0068_0068.jpg 1 3 21 68 68
0150_0026_0020_0058_0058.jpg 1 26 20 58 58
0151_0025_0007_0064_0064.jpg 1 25 7 64 64
0152_0042_0051_0031_0031.jpg 1 42 51 31 31
0153_0004_0026_0054_0054.jpg 1 4 26 54 54
0154_0016_0016_0026_0026.jpg 1 16 16 26 26
0155_0014_0034_0047_0047.jpg 1 14 34 47 47
0156_0045_0020_0037_0037.jpg 1 45 20 37 37
0157_0014_0003_0067_0067.jpg 1 14 3 67 67
0158_0008_0016_0068_0068.jpg 1 8 16 68 68
0159_0036_0041_0032_0032.jpg 1 36 41 32 32
0160_0006_0028_0067_0067.jpg 1 6 28 67 67
0161_0006_0036_0057_0057.jpg 1 6 36 57 57
0162_0029_0008_0037_0037.jpg 1 29 8 37 37
0163_0010_0041_0050_0050.jpg 1 10 41 50 50
0164_0015_0050_0041_0041.jpg 1 15 50 41 41
0165_0026_0022_0049_0049.jpg 1 26 22 49 49
0166_0006_0019_0058_0058.jpg 1 6 19 58 58
0167_0008_0032_0062_0062.jpg 1 8 32 62 62
0168_0031_0021_0058_0058.jpg 1 31 21 58 58
0169_0019_0040_0038_0038.jpg 1 19 40 38 38
0170_0036_0028_0034_0034.jpg 1 36 28 34 34
0171_0019_0011_0030_0030.jpg 1 19 11 30 30
0172_0007_0004_0069_0069.jpg 1 7 4 69 69
0173_0007_0015_0050_0050.jpg 1 7 15 50 50
0174_0018_0025_0060_0060.jpg 1 18 25 60 60
0175_0022_0021_0042_0042.jpg 1 22 21 42 42
0176_0014_0016_0065_0065.jpg 1 14 16 65 65
0177_0010_0027_0042_0042.jpg 1 10 27 42 42
0178_0013_0005_0062_0062.jpg 1 13 5 62 62
0179_0057_0015_0034_0034.jpg 1 57 15 34 34
0180_0008_0010_0057_0057.jpg 1 8 10 57 57
0181_0030_0023_0026_0026.jpg 1 30 23 26 26
0182_0048_0039_0031_0031.jpg 1 48 39 31 31
0183_0024_0024_0035_0035.jpg 1 24 24 35 35
0184_0027_0031_0058_0058.jpg 1 27 31 58 58
0185_0017_0031_0052_0052.jpg 1 17 31 52 52
0186_0021_0019_0043_0043.jpg 1 21 19 43 43
0187_0046_0033_0024_0024.jpg 1 46 33 24 24
0188_0039_0024_0039_0039.jpg 1 39 24 39 39
0189_0019_0010_0024_0024.jpg 1 19 10 24 24
0190_0024_0021_0057_0057.jpg 1 24 21 57 57
0191_0020_0020_0050_0050.jpg 1 20 20 50 50
0192_0049_0045_0025_0025.jpg 1 49 45 25 25
0193_0032_0021_0049_0049.jpg 1 32 21 49 49
0194_0010_0009_0043_0043.jpg 1 10 9 43 43
0195_0043_0010_0038_0038.jpg 1 43 10 38 38
0196_0023_0031_0041_0041.jpg 1 23 31 41 41
0197_0050_0029_0038_0038.jpg 1 50 29 38 38
0198_0010_0050_0037_0037.jpg 1 10 50 37 37
0199_0028_0037_0052_0052.jpg 1 28 37 52 52
0200_0009_0007_0055_0055.jpg 1 9 7 55 55
0201_0021_0011_0061_0061.jpg 1 21 11 61 61
0202_0013_0008_0069_0069.jpg 1 13 8 69 69
0203_0015_0014_0038_0038.jpg 1 15 14 38 38
0204_0019_0032_0060_0060.jpg 1 19 32 60 60
0205_0007_0062_0030_0030.jpg 1 7 62 30 30
0206_0032_0016_0051_0051.jpg 1 32 16 51 51
0207_0010_0018_0054_0054.jpg 1 10 18 54 54
0208_0023_0039_0033_0033.jpg 1 23 39 33 33
0209_0006_0023_0049_0049.jpg 1 6 23 49 49
0210_0036_0018_0024_0024.jpg 1 36 18 24 24
0211_0016_0041_0048_0048.jpg 1 16 41 48 48
0212_0018_0040_0048_0048.jpg 1 18 40 48 48
0213_0042_0056_0032_0032.jpg 1 42 56 32 32
0214_0057_0013_0027_0027.jpg 1 57 13 27 27
0215_0031_0009_0052_0052.jpg 1 31 9 52 52
0216_0014_0031_0057_0057.jpg 1 14 31 57 57
0217_0005_0021_0061_0061.jpg 1 5 21 61 61
0218_0005_0034_0061_0061.jpg 1 5 34 61 61
0219_0042_0040_0033_0033.jpg 1 42 40 33 33
0220_0032_0036_0042_0042.jpg 1 32 36 42 42
0221_0017_0006_0057_0057.jpg 1 17 6 57 57
0222_0032_0056_0029_0029.jpg 1 32 56 29 29
0223_0021_0019_0058_0058.jpg 1 21 19 58 58
0224_0021_0027_0032_0032.jpg 1 21 27 32 32
0225_0028_0015_0056_0056.jpg 1 28 15 56 56
0226_0018_0011_0065_0065.jpg 1 18 11 65 65
0227_0022_0007_0039_0039.jpg 1 22 7 39 39
0228_0024_0046_0037_0037.jpg 1 24 46 37 37
0229_0008_0028_0065_0065.jpg 1 8 28 65 65
0230_0029_0011_0064_0064.jpg 1 29 11 64 64
0231_0032_0040_0047_0047.jpg 1 32 40 47 47
0232_0024_0011_0067_0067.jpg 1 24 11 67 67
0233_0007_0010_0041_0041.jpg 1 7 10 41 41
0234_0015_0016_0068_0068.jpg 1 15 16 68 68
0235_0029_0048_0037_0037.jpg 1 29 48 37 37
0236_0026_0005_0063_0063.jpg 1 26 5 63 63
0237_0029_0004_0064_0064.jpg 1 29 4 64 64
0238_0005_0027_0051_0051.jpg 1 5 27 51 51
0239_0020_0011_0052_0052.jpg 1 20 11 52 52
0240_0038_0040_0042_0042.jpg 1 38 40 42 42
0241_0051_0016_0037_0037.jpg 1 51 16 37 37
0242_0042_0005_0046_0046.jpg 1 42 5 46 46
0243_0030_0038_0055_0055.jpg 1 30 38 55 55
0244_0034_0031_0050_0050.jpg 1 34 31 50 50
0245_0038_0015_0037_0037.jpg 1 38 15 37 37
0246_0042_0046_0037_0037.jpg 1 42 46 37 37
0247_0010_0028_0067_0067.jpg 1 10 28 67 67
0248_0027_0012_0059_0059.jpg 1 27 12 59 59
0249_0057_0009_0032_0032.jpg 1 57 9 32 32
0250_0030_0046_0039_0039.jpg 1 30 46 39 39
0251_0024_0023_0064_0064.jpg 1 24 23 64 64
0252_0028_0010_0029_0029.jpg 1 28 10 29 29
0253_0029_0007_0055_0055.jpg 1 29 7 55 55
0254_0008_0033_0061_0061.jpg 1 8 33 61 61
0255_0034_0004_0060_0060.jpg 1 34 4 60 60
0256_0032_0041_0044_0044.jpg 1 32 41 44 44
0257_0006_0027_0060_0060.jpg 1 6 27 60 60
0258_0041_0007_0033_0033.jpg 1 41 7 33 33
0259_0019_0019_0067_0067.jpg 1 19 19 67 67
0260_0026_0048_0043_0043.jpg 1 26 48 43 43
0261_0006_0025_0068_0068.jpg 1 6 25 68 68
0262_0025_0059_0026_0026.jpg 1 25 59 26 26
0263_0041_0010_0045_0045.jpg 1 41 10 45 45
0264_0013_0024_0046_0046.jpg 1 13 24 46 46
0265_0007_0038_0044_0044.jpg 1 7 38 44 44
0266_0012_0017_0044_0044.jpg 1 12 17 44 44
0267_0025_0006_0054_0054.jpg 1 25 6 54 54
0268_0036_0013_0051_0051.jpg 1 36 13 51 51
0269_0038_0007_0057_0057.jpg 1 38 7 57 57
0270_0044_0043_0044_0044.jpg 1 44 43 44 44
0271_0017_0013_0052_0052.jpg 1 17 13 52 52
0272_0046_0034_0026_0026.jpg 1 46 34 26 26
0273_0009_0026_0052_0052.jpg 1 9 26 52 52
0274_0031_0036_0059_0059.jpg 1 31 36 59 59
0275_0012_0013_0031_0031.jpg 1 12 13 31 31
0276_0050_0048_0033_0033.jpg 1 50 48 33 33
0277_0011_0062_0027_0027.jpg 1 11 62 27 27
0278_0004_0011_0059_0059.jpg 1 4 11 59 59
0279_0016_0035_0048_0048.jpg 1 16 35 48 48
0280_0043_0009_0026_0026.jpg 1 43 9 26 26
0281_0027_0004_0066_0066.jpg 1 27 4 66 66
0282_0055_0036_0033_0033.jpg 1 55 36 33 33
0283_0058_0034_0027_0027.jpg 1 58 34 27 27
0284_0011_0055_0031_0031.jpg 1 11 55 31 31
0285_0021_0008_0047_0047.jpg 1 21 8 47 47
0286_0046_0038_0038_0038.jpg 1 46 38 38 38
0287_0034_0013_0054_0054.jpg 1 34 13 54 54
0288_0015_0024_0050_0050.jpg 1 15 24 50 50
0289_0037_0012_0039_0039.jpg 1 37 12 39 39
0290_0042_0019_0043_0043.jpg 1 42 19 43 43
0291_0003_0030_0062_0062.jpg 1 3 30 62 62
0292_0014_0021_0050_0050.jpg 1 14 21 50 50
0293_0008_0023_0062_0062.jpg 1 8 23 62 62
0294_0012_0036_0053_0053.jpg 1 12 36 53 53
0295_0008_0054_0031_0031.jpg 1 8 54 31 31
0296_0033_0026_0045_0045.jpg 1 33 26 45 45
0297_0006_0036_0053_0053.jpg 1 6 36 53 53
0298_0012_0043_0034_0034.jpg 1 12 43 34 34
0299_0024_0028_0039_0039.jpg 1 24 28 39 39
0300_0015_0030_0032_0032.jpg 1 15 30 32 32
0301_0053_0029_0034_0034.jpg 1 53 29 34 34
0302_0029_0007_0063_0063.jpg 1 29 7 63 63
0303_0023_0015_0058_0058.jpg 1 23 15 58 58
0304_0033_0011_0046_0046.jpg 1 33 11 46 46
0305_0054_0024_0027_0027.jpg 1 54 24 27 27
0306_0024_0020_0024_0024.jpg 1 24 20 24 24
0307_0030_0025_0030_0030.jpg 1 30 25 30 30
0308_0015_0050_0024_0024.jpg 1 15 50 24 24
0309_0046_0019_0037_0037.jpg 1 46 19 37 37
0310_0007_0026_0050_0050.jpg 1 7 26 50 50
0311_0023_0006_0061_0061.jpg 1 23 6 61 61
0312_0036_0023_0051_0051.jpg 1 36 23 51 51
0313_0018_0008_0067_0067.jpg 1 18 8 67 67
0314_0008_0015_0067_0067.jpg 1 8 15 67 67
0315_0020_0025_0054_0054.jpg 1 20 25 54 54
0316_0010_0018_0038_0038.jpg 1 10 18 38 38
0317_0021_0009_0034_0034.jpg 1 21 9 34 34
0318_0032_0048_0040_0040.jpg 1 32 48 40 40
0319_0012_0006_0049_0049.jpg 1 12 6 49 49
0320_0020_0012_0063_0063.jpg 1 20 12 63 63
0321_0004_0019_0061_0061.jpg 1 4 19 61 61
0322_0021_0036_0031_0031.jpg 1 21 36 31 31
0323_0046_0014_0044_0044.jpg 1 46 14 44 44
0324_0028_0008_0062_0062.jpg 1 28 8 62 62
0325_0006_0019_0065_0065.jpg 1 6 19 65 65
0326_0048_0035_0027_0027.jpg 1 48 35 27 27
0327_0035_0023_0037_0037.jpg 1 35 23 37 37
0328_0024_0026_0026_0026.jpg 1 24 26 26 26
0329_0033_0037_0044_0044.jpg 1 33 37 44 44
0330_0023_0011_0040_0040.jpg 1 23 11 40 40
0331_0017_0009_0064_0064.jpg 1 17 9 64 64
0332_0033_0017_0051_0051.jpg 1 33 17 51 51
0333_0015_0037_0037_0037.jpg 1 15 37 37 37
0334_0016_0040_0054_0054.jpg 1 16 40 54 54
0335_0038_0042_0053_0053.jpg 1 38 42 53 53
0336_0030_0023_0057_0057.jpg 1 30 23 57 57
0337_0037_0036_0038_0038.jpg 1 37 36 38 38
0338_0027_0027_0068_0068.jpg 1 27 27 68 68
0339_0020_0036_0047_0047.jpg 1 20 36 47 47
0340_0014_0053_0025_0025.jpg 1 14 53 25 25
0341_0007_0027_0049_0049.jpg 1 7 27 49 49
0342_0008_0044_0049_0049.jpg 1 8 44 49 49
0343_0030_0020_0054_0054.jpg 1 30 20 54 54
0344_0053_0016_0030_0030.jpg 1 53 16 30 30
0345_0029_0058_0029_0029.jpg 1 29 58 29 29
0346_0039_0039_0048_0048.jpg 1 39 39 48 48
0347_0034_0039_0053_0053.jpg 1 34 39 53 53
0348_0027_0035_0059_0059.jpg 1 27 35 59 59
0349_0043_0006_0035_0035.jpg 1 43 6 35 35
0350_0039_0028_0028_0028.jpg 1 39 28 28 28
0351_0005_0008_0054_0054.jpg 1 5 8 54 54
0352_0039_0019_0042_0042.jpg 1 39 19 42 42
0353_0051_0060_0030_0030.jpg 1 51 60 30 30
0354_0013_0015_0066_0066.jpg 1 13 15 66 66
0355_0022_0016_0059_0059.jpg 1 22 16 59 59
0356_0006_0023_0055_0055.jpg 1 6 23 55 55
0357_0007_0013_0053_0053.jpg 1 7 13 53 53
0358_0016_0037_0027_0027.jpg 1 16 37 27 27
0359_0012_0009_0068_0068.jpg 1 12 9 68 68
0360_0065_0030_0025_0025.jpg 1 65 30 25 25
0361_0025_0047_0034_0034.jpg 1 25 47 34 34
0362_0045_0049_0038_0038.jpg 1 45 49 38 38
0363_0037_0023_0056_0056.jpg 1 37 23 56 56
0364_0033_0015_0060_0060.jpg 1 33 15 60 60
0365_0056_0015_0031_0031.jpg 1 56 15 31 31
0366_0013_0039_0037_0037.jpg 1 13 39 37 37
0367_0014_0017_0057_0057.jpg 1 14 17 57 57
0368_0056_0029_0034_0034.jpg 1 56 29 34 34
0369_0036_0026_0033_0033.jpg 1 36 26 33 33
0370_0005_0028_0063_0063.jpg 1 5 28 63 63
0371_0039_0011_0051_0051.jpg 1 39 11 51 51
0372_0027_0012_0050_0050.jpg 1 27 12 50 50
0373_0026_0020_0055_0055.jpg 1 26 20 55 55
0374_0017_0023_0067_0067.jpg 1 17 23 67 67
0375_0024_0025_0067_0067.jpg 1 24 25 67 67
0376_0011_0015_0059_0059.jpg 1 11 15 59 59
0377_0030_0040_0050_0050.jpg 1 30 40 50 50
0378_0021_0020_0069_0069.jpg 1 21 20 69 69
0379_0019_0015_0062_0062.jpg 1 19 15 62 62
0380_0014_0023_0026_0026.jpg 1 14 23 26 26
0381_0013_0006_0054_0054.jpg 1 13 6 54 54
0382_0007_0045_0040_0040.jpg 1 7 45 40 40
0383_0027_0014_0048_0048.jpg 1 27 14 48 48
0384_0021_0011_0069_0069.jpg 1 21 11 69 69
0385_0051_0054_0039_0039.jpg 1 51 54 39 39
0386_0016_0043_0034_0034.jpg 1 16 43 34 34
0387_0024_0032_0053_0053.jpg 1 24 32 53 53
0388_0031_0006_0054_0054.jpg 1 31 6 54 54
0389_0015_0035_0055_0055.jpg 1 15 35 55 55
0390_0058_0051_0031_0031.jpg 1 58 51 31 31
0391_0045_0028_0046_0046.jpg 1 45 28 46 46
0392_0062_0049_0028_0028.jpg 1 62 49 28 28
0393_0022_0033_0053_0053.jpg 1 22 33 53 53
0394_0032_0006_0059_0059.jpg 1 32 6 59 59
0395_0006_0028_0059_0059.jpg 1 6 28 59 59
0396_0052_0024_0033_0033.jpg 1 52 24 33 33
0397_0029_0018_0043_0043.jpg 1 29 18 43 43
0398_0005_0013_0054_0054.jpg 1 5 13 54 54
0399_0013_0034_0035_0035.jpg 1 13 34 35 35
0400_0012_0040_0049_0049.jpg 1 12 40 49 49
0401_0012_0059_0031_0031.jpg 1 12 59 31 31
0402_0005_0020_0067_0067.jpg 1 5 20 67 67
0403_0027_0014_0060_0060.jpg 1 27 14 60 60
0404_0020_0009_0055_0055.jpg 1 20 9 55 55
0405_0008_0045_0043_0043.jpg 1 8 45 43 43
0406_0024_0014_0063_0063.jpg 1 24 14 63 63
0407_0019_0016_0069_0069.jpg 1 19 16 69 69
0408_0043_0040_0030_0030.jpg 1 43 40 30 30
0409_0014_0009_0056_0056.jpg 1 14 9 56 56
0410_0036_0013_0054_0054.jpg 1 36 13 54 54
0411_0052_0050_0037_0037.jpg 1 52 50 37 37
0412_0013_0012_0064_0064.jpg 1 13 12 64 64
0413_0033_0011_0063_0063.jpg 1 33 11 63 63
0414_0017_0018_0046_0046.jpg 1 17 18 46 46
0415_0029_0011_0061_0061.jpg 1 29 11 61 61
0416_0020_0016_0055_0055.jpg 1 20 16 55 55
0417_0010_0021_0041_0041.jpg 1 10 21 41 41
0418_0035_0018_0036_0036.jpg 1 35 18 36 36
0419_0023_0018_0069_0069.jpg 1 23 18 69 69
0420_0028_0017_0056_0056.jpg 1 28 17 56 56
0421_0009_0027_0069_0069.jpg 1 9 27 69 69
0422_0043_0023_0052_0052.jpg 1 43 23 52 52
0423_0012_0011_0068_0068.jpg 1 12 11 68 68
0424_0059_0050_0031_0031.jpg 1 59 50 31 31
0425_0036_0033_0043_0043.jpg 1 36 33 43 43
0426_0034_0005_0058_0058.jpg 1 34 5 58 58
0427_0024_0051_0038_0038.jpg 1 24 51 38 38
0428_0031_0006_0064_0064.jpg 1 31 6 64 64
0429_0031_0023_0053_0053.jpg 1 31 23 53 53
0430_0018_0022_0056_0056.jpg 1 18 22 56 56
0431_0009_0012_0065_0065.jpg 1 9 12 65 65
0432_0011_0023_0025_0025.jpg 1 11 23 25 25
0433_0020_0035_0046_0046.jpg 1 20 35 46 46
0434_0052_0008_0028_0028.jpg 1 52 8 28 28
0435_0034_0054_0024_0024.jpg 1 34 54 24 24
0436_0051_0046_0035_0035.jpg 1 51 46 35 35
0437_0045_0055_0027_0027.jpg 1 45 55 27 27
0438_0021_0014_0057_0057.jpg 1 21 14 57 57
0439_0031_0033_0025_0025.jpg 1 31 33 25 25
0440_0009_0028_0029_0029.jpg 1 9 28 29 29
0441_0008_0018_0062_0062.jpg 1 8 18 62 62
0442_0012_0008_0059_0059.jpg 1 12 8 59 59
0443_0030_0056_0032_0032.jpg 1 30 56 32 32
0444_0053_0042_0030_0030.jpg 1 53 42 30 30
0445_0016_0044_0029_0029.jpg 1 16 44 29 29
0446_0050_0012_0042_0042.jpg 1 50 12 42 42
0447_0046_0014_0048_0048.jpg 1 46 14 48 48
0448_0029_0017_0030_0030.jpg 1 29 17 30 30
0449_0041_0038_0052_0052.jpg 1 41 38 52 52
0450_0022_0017_0058_0058.jpg 1 22 17 58 58
0451_0038_0013_0054_0054.jpg 1 38 13 54 54
0452_0012_0007_0031_0031.jpg 1 12 7 31 31
0453_0016_0011_0069_0069.jpg 1 16 11 69 69
0454_0005_0014_0069_0069.jpg 1 5 14 69 69
0455_0019_0029_0045_0045.jpg 1 19 29 45 45
0456_0030_0053_0028_0028.jpg 1 30 53 28 28
0457_0048_0039_0044_0044.jpg 1 48 39 44 44
0458_0057_0040_0032_0032.jpg 1 57 40 32 32
0459_0009_0028_0033_0033.jpg 1 9 28 33 33
0460_0008_0019_0055_0055.jpg 1 8 19 55 55
0461_0020_0053_0039_0039.jpg 1 20 53 39 39
0462_0042_0032_0033_0033.jpg 1 42 32 33 33
0463_0017_0027_0064_0064.jpg 1 17 27 64 64
0464_0037_0035_0058_0058.jpg 1 37 35 58 58
0465_0022_0013_0069_0069.jpg 1 22 13 69 69
0466_0007_0022_0037_0037.jpg 1 7 22 37 37
0467_0059_0034_0024_0024.jpg 1 59 34 24 24
0468_0028_0031_0031_0031.jpg 1 28 31 31 31
0469_0044_0060_0029_0029.jpg 1 44 60 29 29
0470_0032_0037_0049_0049.jpg 1 32 37 49 49
0471_0010_0026_0061_0061.jpg 1 10 26 61 61
0472_0034_0021_0042_0042.jpg 1 34 21 42 42
0473_0019_0010_0069_0069.jpg 1 19 10 69 69
0474_0013_0018_0061_0061.jpg 1 13 18 61 61
0475_0047_0027_0041_0041.jpg 1 47 27 41 41
0476_0006_0013_0059_0059.jpg 1 6 13 59 59
0477_0025_0037_0056_0056.jpg 1 25 37 56 56
0478_0060_0036_0028_0028.jpg 1 60 36 28 28
0479_0025_0032_0062_0062.jpg 1 25 32 62 62
0480_0018_0024_0066_0066.jpg 1 18 24 66 66
0481_0025_0016_0057_0057.jpg 1 25 16 57 57
0482_0012_0012_0029_0029.jpg 1 12 12 29 29
0483_0009_0015_0064_0064.jpg 1 9 15 64 64
0484_0039_0033_0025_0025.jpg 1 39 33 25 25
0485_0028_0023_0033_0033.jpg 1 28 23 33 33
0486_0030_0014_0061_0061.jpg 1 30 14 61 61
0487_0020_0032_0033_0033.jpg 1 20 32 33 33
0488_0057_0031_0034_0034.jpg 1 57 31 34 34
0489_0062_0036_0027_0027.jpg 1 62 36 27 27
0490_0021_0022_0056_0056.jpg 1 21 22 56 56
0491_0018_0027_0047_0047.jpg 1 18 27 47 47
0492_0011_0011_0066_0066.jpg 1 11 11 66 66
0493_0030_0059_0033_0033.jpg 1 30 59 33 33
0494_0012_0058_0027_0027.jpg 1 12 58 27 27
0495_0034_0006_0056_0056.jpg 1 34 6 56 56
0496_0021_0039_0052_0052.jpg 1 21 39 52 52
0497_0009_0024_0038_0038.jpg 1 9 24 38 38
0498_0033_0030_0060_0060.jpg 1 33 30 60 60
0499_0027_0029_0054_0054.jpg 1 27 29 54 54
0500_0021_0019_0069_0069.jpg 1 21 19 69 69
0501_0019_0010_0067_0067.jpg 1 19 10 67 67
0502_0047_0024_0038_0038.jpg 1 47 24 38 38
0503_0018_0005_0062_0062.jpg 1 18 5 62 62
0504_0011_0057_0033_0033.jpg 1 11 57 33 33
0505_0030_0007_0063_0063.jpg 1 30 7 63 63
0506_0056_0033_0031_0031.jpg 1 56 33 31 31
0507_0016_0033_0056_0056.jpg 1 16 33 56 56
0508_0009_0015_0064_0064.jpg 1 9 15 64 64
0509_0029_0022_0037_0037.jpg 1 29 22 37 37
0510_0017_0023_0058_0058.jpg 1 17 23 58 58
0511_0005_0007_0064_0064.jpg 1 5 7 64 64
0512_0006_0030_0054_0054.jpg 1 6 30 54 54
0513_0061_0027_0026_0026.jpg 1 61 27 26 26
0514_0023_0029_0039_0039.jpg 1 23 29 39 39
0515_0044_0010_0049_0049.jpg 1 44 10 49 49
0516_0010_0016_0035_0035.jpg 1 10 16 35 35
0517_0022_0050_0034_0034.jpg 1 22 50 34 34
0518_0017_0006_0057_0057.jpg 1 17 6 57 57
0519_0031_0052_0027_0027.jpg 1 31 52 27 27
0520_0030_0045_0025_0025.jpg 1 30 45 25 25
0521_0042_0012_0038_0038.jpg 1 42 12 38 38
0522_0052_0015_0041_0041.jpg 1 52 15 41 41
0523_0061_0008_0024_0024.jpg 1 61 8 24 24
0524_0008_0020_0067_0067.jpg 1 8 20 67 67
0525_0011_0061_0028_0028.jpg 1 11 61 28 28
0526_0033_0027_0063_0063.jpg 1 33 27 63 63
0527_0051_0049_0030_0030.jpg 1 51 49 30 30
0528_0038_0037_0046_0046.jpg 1 38 37 46 46
0529_0026_0022_0050_0050.jpg 1 26 22 50 50
0530_0021_0025_0060_0060.jpg 1 21 25 60 60
0531_0033_0033_0063_0063.jpg 1 33 33 63 63
0532_0038_0015_0030_0030.jpg 1 38 15 30 30
0533_0043_0016_0045_0045.jpg 1 43 16 45 45
0534_0025_0026_0045_0045.jpg 1 25 26 45 45
0535_0017_0029_0052_0052.jpg 1 17 29 52 52
0536_0049_0021_0041_0041.jpg 1 49 21 41 41
0537_0013_0013_0045_0045.jpg 1 13 13 45 45
0538_0025_0042_0051_0051.jpg 1 25 42 51 51
0539_0022_0033_0033_0033.jpg 1 22 33 33 33
0540_0026_0021_0053_0053.jpg 1 26 21 53 53
0541_0026_0033_0029_0029.jpg 1 26 33 29 29
0542_0065_0041_0027_0027.jpg 1 65 41 27 27
0543_0056_0013_0034_0034.jpg 1 56 13 34 34
0544_0020_0019_0056_0056.jpg 1 20 19 56 56
0545_0035_0009_0040_0040.jpg 1 35 9 40 40
0546_0051_0034_0036_0036.jpg 1 51 34 36 36
0547_0010_0028_0058_0058.jpg 1 10 28 58 58
0548_0028_0007_0051_0051.jpg 1 28 7 51 51
0549_0025_0026_0026_0026.jpg 1 25 26 26 26
0550_0021_0018_0069_0069.jpg 1 21 18 69 69
0551_0016_0026_0031_0031.jpg 1 16 26 31 31
0552_0036_0046_0026_0026.jpg 1 36 46 26 26
0553_0019_0030_0044_0044.jpg 1 19 30 44 44
0554_0038_0011_0051_0051.jpg 1 38 11 51 51
0555_0027_0016_0050_0050.jpg 1 27 16 50 50
0556_0041_0009_0027_0027.jpg 1 41 9 27 27
0557_0030_0024_0024_0024.jpg 1 30 24 24 24
0558_0021_0027_0045_0045.jpg 1 21 27 45 45
0559_0042_0020_0033_0033.jpg 1 42 20 33 33
0560_0047_0020_0046_0046.jpg 1 47 20 46 46
0561_0008_0024_0050_0050.jpg 1 8 24 50 50
0562_0011_0012_0067_0067.jpg 1 11 12 67 67
0563_0017_0005_0063_0063.jpg 1 17 5 63 63
0564_0037_0013_0032_0032.jpg 1 37 13 32 32
0565_0008_0012_0052_0052.jpg 1 8 12 52 52
0566_0025_0036_0045_0045.jpg 1 25 36 45 45
0567_0023_0014_0045_0045.jpg 1 23 14 45 45
0568_0039_0020_0052_0052.jpg 1 39 20 52 52
0569_0003_0026_0066_0066.jpg 1 3 26 66 66
0570_0021_0019_0063_0063.jpg 1 21 19 63 63
0571_0028_0019_0052_0052.jpg 1 28 19 52 52
0572_0038_0049_0032_0032.jpg 1 38 49 32 32
0573_0032_0007_0063_0063.jpg 1 32 7 63 63
0574_0005_0020_0066_0066.jpg 1 5 20 66 66
0575_0028_0039_0049_0049.jpg 1 28 39 49 49
0576_0033_0039_0055_0055.jpg 1 33 39 55 55
0577_0051_0055_0034_0034.jpg 1 51 55 34 34
0578_0023_0023_0064_0064.jpg 1 23 23 64 64
0579_0023_0025_0041_0041.jpg 1 23 25 41 41
0580_0028_0012_0050_0050.jpg 1 28 12 50 50
0581_0016_0016_0054_0054.jpg 1 16 16 54 54
0582_0018_0025_0028_0028.jpg 1 18 25 28 28
0583_0046_0015_0035_0035.jpg 1 46 15 35 35
0584_0015_0040_0050_0050.jpg 1 15 40 50 50
0585_0007_0025_0067_0067.jpg 1 7 25 67 67
0586_0007_0008_0067_0067.jpg 1 7 8 67 67
0587_0027_0024_0068_0068.jpg 1 27 24 68 68
0588_0051_0056_0029_0029.jpg 1 51 56 29 29
0589_0045_0025_0024_0024.jpg 1 45 25 24 24
0590_0033_0019_0050_0050.jpg 1 33 19 50 50
0591_0029_0008_0064_0064.jpg 1 29 8 64 64
0592_0019_0005_0068_0068.jpg 1 19 5 68 68
0593_0013_0051_0025_0025.jpg 1 13 51 25 25
0594_0039_0031_0055_0055.jpg 1 39 31 55 55
0595_0047_0057_0035_0035.jpg 1 47 57 35 35
0596_0008_0034_0035_0035.jpg 1 8 34 35 35
0597_0066_0016_0026_0026.jpg 1 66 16 26 26
0598_0019_0044_0050_0050.jpg 1 19 44 50 50
0599_0026_0039_0034_0034.jpg 1 26 39 34 34
0600_0015_0019_0049_0049.jpg 1 15 19 49 49
0601_0013_0017_0063_0063.jpg 1 13 17 63 63
0602_0017_0032_0060_0060.jpg 1 17 32 60 60
0603_0007_0016_0067_0067.jpg 1 7 16 67 67
0604_0039_0030_0036_0036.jpg 1 39 30 36 36
0605_0043_0027_0042_0042.jpg 1 43 27 42 42
0606_0022_0011_0039_0039.jpg 1 22 11 39 39
0607_0056_0036_0036_0036.jpg 1 56 36 36 36
0608_0023_0009_0067_0067.jpg 1 23 9 67 67
0609_0025_0011_0040_0040.jpg 1 25 11 40 40
0610_0028_0026_0060_0060.jpg 1 28 26 60 60
0611_0013_0029_0025_0025.jpg 1 13 29 25 25
0612_0033_0037_0027_0027.jpg 1 33 37 27 27
0613_0012_0030_0044_0044.jpg 1 12 30 44 44
0614_0038_0037_0054_0054.jpg 1 38 37 54 54
0615_0041_0018_0039_0039.jpg 1 41 18 39 39
0616_0035_0049_0042_0042.jpg 1 35 49 42 42
0617_0039_0017_0043_0043.jpg 1 39 17 43 43
0618_0007_0027_0051_0051.jpg 1 7 27 51 51
0619_0014_0029_0026_0026.jpg 1 14 29 26 26
0620_0011_0012_0068_0068.jpg 1 11 12 68 68
0621_0054_0043_0030_0030.jpg 1 54 43 30 30
0622_0012_0007_0063_0063.jpg 1 12 7 63 63
0623_0011_0049_0041_0041.jpg 1 11 49 41 41
0624_0022_0056_0028_0028.jpg 1 22 56 28 28
0625_0044_0052_0035_0035.jpg 1 44 52 35 35
0626_0013_0024_0067_0067.jpg 1 13 24 67 67
0627_0061_0036_0026_0026.jpg 1 61 36 26 26
0628_0025_0022_0065_0065.jpg 1 25 22 65 65
0629_0043_0011_0044_0044.jpg 1 43 11 44 44
0630_0034_0029_0035_0035.jpg 1 34 29 35 35
0631_0048_0018_0046_0046.jpg 1 48 18 46 46
0632_0020_0054_0030_0030.jpg 1 20 54 30 30
0633_0028_0029_0064_0064.jpg 1 28 29 64 64
0634_0024_0018_0068_0068.jpg 1 24 18 68 68
0635_0016_0026_0039_0039.jpg 1 16 26 39 39
0636_0023_0038_0054_0054.jpg 1 23 38 54 54
0637_0030_0037_0043_0043.jpg 1 30 37 43 43
0638_0038_0025_0031_0031.jpg 1 38 25 31 31
0639_0014_0042_0045_0045.jpg 1 14 42 45 45
0640_0024_0028_0024_0024.jpg 1 24 28 24 24
0641_0036_0036_0032_0032.jpg 1 36 36 32 32
0642_0011_0024_0058_0058.jpg 1 11 24 58 58
0643_0019_0018_0046_0046.jpg 1 19 18 46 46
0644_0019_0047_0028_0028.jpg 1 19 47 28 28
0645_0048_0029_0024_0024.jpg 1 48 29 24 24
0646_0010_0016_0055_0055.jpg 1 10 16 55 55
0647_0048_0030_0034_0034.jpg 1 48 30 34 34
0648_0036_0008_0027_0027.jpg 1 36 8 27 27
0649_0008_0014_0064_0064.jpg 1 8 14 64 64
0650_0043_0041_0048_0048.jpg 1 43 41 48 48
0651_0022_0039_0035_0035.jpg 1 22 39 35 35
0652_0035_0040_0053_0053.jpg 1 35 40 53 53
0653_0026_0018_0055_0055.jpg 1 26 18 55 55
0654_0045_0010_0035_0035.jpg 1 45 10 35 35
0655_0011_0012_0067_0067.jpg 1 11 12 67 67
0656_0048_0038_0033_0033.jpg 1 48 38 33 33
0657_0038_0014_0041_0041.jpg 1 38 14 41 41
0658_0027_0047_0034_0034.jpg 1 27 47 34 34
0659_0027_0020_0032_0032.jpg 1 27 20 32 32
0660_0049_0054_0030_0030.jpg 1 49 54 30 30
0661_0024_0020_0051_0051.jpg 1 24 20 51 51
0662_0006_0014_0069_0069.jpg 1 6 14 69 69
0663_0027_0023_0069_0069.jpg 1 27 23 69 69
0664_0025_0044_0033_0033.jpg 1 25 44 33 33
0665_0056_0061_0030_0030.jpg 1 56 61 30 30
0666_0021_0014_0045_0045.jpg 1 21 14 45 45
0667_0023_0063_0025_0025.jpg 1 23 63 25 25
0668_0011_0037_0058_0058.jpg 1 11 37 58 58
0669_0052_0035_0035_0035.jpg 1 52 35 35 35
0670_0005_0022_0060_0060.jpg 1 5 22 60 60
0671_0032_0025_0036_0036.jpg 1 32 25 36 36
0672_0019_0008_0063_0063.jpg 1 19 8 63 63
0673_0038_0007_0046_0046.jpg 1 38 7 46 46
0674_0015_0039_0056_0056.jpg 1 15 39 56 56
0675_0007_0039_0036_0036.jpg 1 7 39 36 36
0676_0033_0007_0037_0037.jpg 1 33 7 37 37
0677_0021_0035_0045_0045.jpg 1 21 35 45 45
0678_0016_0024_0028_0028.jpg 1 16 24 28 28
0679_0027_0045_0036_0036.jpg 1 27 45 36 36
0680_0019_0030_0053_0053.jpg 1 19 30 53 53
0681_0049_0040_0031_0031.jpg 1 49 40 31 31
0682_0010_0044_0028_0028.jpg 1 10 44 28 28
0683_0045_0036_0044_0044.jpg 1 45 36 44 44
0684_0047_0023_0044_0044.jpg 1 47 23 44 44
0685_0024_0039_0046_0046.jpg 1 24 39 46 46
0686_0039_0054_0036_0036.jpg 1 39 54 36 36
0687_0022_0029_0025_0025.jpg 1 22 29 25 25
0688_0031_0047_0036_0036.jpg 1 31 47 36 36
0689_0022_0038_0046_0046.jpg 1 22 38 46 46
0690_0020_0026_0032_0032.jpg 1 20 26 32 32
0691_0031_0019_0050_0050.jpg 1 31 19 50 50
0692_0051_0011_0035_0035.jpg 1 51 11 35 35
0693_0038_0029_0052_0052.jpg 1 38 29 52 52
0694_0019_0012_0064_0064.jpg 1 19 12 64 64
0695_0021_0029_0043_0043.jpg 1 21 29 43 43
0696_0047_0020_0033_0033.jpg 1 47 20 33 33
0697_0023_0025_0053_0053.jpg 1 23 25 53 53
0698_0009_0013_0024_0024.jpg 1 9 13 24 24
0699_0009_0023_0069_0069.jpg 1 9 23 69 69
0700_0015_0013_0040_0040.jpg 1 15 13 40 40
0701_0018_0029_0055_0055.jpg 1 18 29 55 55
0702_0033_0007_0045_0045.jpg 1 33 7 45 45
0703_0046_0007_0042_0042.jpg 1 46 7 42 42
0704_0043_0026_0033_0033.jpg 1 43 26 33 33
0705_0033_0010_0046_0046.jpg 1 33 10 46 46
0706_0026_0023_0034_0034.jpg 1 26 23 34 34
0707_0018_0009_0066_0066.jpg 1 18 9 66 66
0708_0020_0041_0025_0025.jpg 1 20 41 25 25
0709_0034_0016_0038_0038.jpg 1 34 16 38 38
0710_0040_0025_0038_0038.jpg 1 40 25 38 38
0711_0044_0040_0029_0029.jpg 1 44 40 29 29
0712_0017_0022_0069_0069.jpg 1 17 22 69 69
0713_0010_0016_0069_0069.jpg 1 10 16 69 69
0714_0022_0012_0040_0040.jpg 1 22 12 40 40
0715_0060_0036_0026_0026.jpg 1 60 36 26 26
0716_0055_0007_0038_0038.jpg 1 55 7 38 38
0717_0009_0010_0052_0052.jpg 1 9 10 52 52
0718_0018_0015_0066_0066.jpg 1 18 15 66 66
0719_0009_0027_0065_0065.jpg 1 9 27 65 65
0720_0019_0021_0057_0057.jpg 1 19 21 57 57
0721_0015_0025_0061_0061.jpg 1 15 25 61 61
0722_0004_0022_0055_0055.jpg 1 4 22 55 55
0723_0049_0052_0041_0041.jpg 1 49 52 41 41
0724_0027_0016_0055_0055.jpg 1 27 16 55 55
0725_0009_0027_0067_0067.jpg 1 9 27 67 67
0726_0007_0011_0044_0044.jpg 1 7 11 44 44
0727_0027_0020_0053_0053.jpg 1 27 20 53 53
0728_0029_0008_0061_0061.jpg 1 29 8 61 61
0729_0008_0028_0043_0043.jpg 1 8 28 43 43
0730_0062_0015_0028_0028.jpg 1 62 15 28 28
0731_0014_0042_0042_0042.jpg 1 14 42 42 42
0732_0019_0032_0060_0060.jpg 1 19 32 60 60
0733_0018_0021_0035_0035.jpg 1 18 21 35 35
0734_0032_0020_0062_0062.jpg 1 32 20 62 62
0735_0007_0047_0039_0039.jpg 1 7 47 39 39
0736_0013_0023_0061_0061.jpg 1 13 23 61 61
0737_0018_0026_0060_0060.jpg 1 18 26 60 60
0738_0027_0029_0024_0024.jpg 1 27 29 24 24
0739_0031_0040_0045_0045.jpg 1 31 40 45 45
0740_0028_0013_0062_0062.jpg 1 28 13 62 62
0741_0032_0035_0056_0056.jpg 1 32 35 56 56
0742_0030_0035_0050_0050.jpg 1 30 35 50 50
0743_0019_0004_0066_0066.jpg 1 19 4 66 66
0744_0010_0038_0038_0038.jpg 1 10 38 38 38
0745_0007_0026_0067_0067.jpg 1 7 26 67 67
0746_0051_0061_0031_0031.jpg 1 51 61 31 31
0747_0016_0030_0048_0048.jpg 1 16 30 48 48
0748_0064_0044_0026_0026.jpg 1 64 44 26 26
0749_0019_0024_0053_0053.jpg 1 19 24 53 53
0750_0042_0006_0040_0040.jpg 1 42 6 40 40
0751_0014_0013_0038_0038.jpg 1 14 13 38 38
0752_0007_0040_0037_0037.jpg 1 7 40 37 37
0753_0009_0033_0044_0044.jpg 1 9 33 44 44
0754_0025_0019_0064_0064.jpg 1 25 19 64 64
0755_0019_0006_0052_0052.jpg 1 19 6 52 52
0756_0007_0045_0035_0035.jpg 1 7 45 35 35
0757_0051_0014_0024_0024.jpg 1 51 14 24 24
0758_0046_0035_0040_0040.jpg 1 46 35 40 40
0759_0014_0007_0067_0067.jpg 1 14 7 67 67
0760_0040_0050_0025_0025.jpg 1 40 50 25 25
0761_0016_0007_0051_0051.jpg 1 16 7 51 51
0762_0055_0043_0027_0027.jpg 1 55 43 27 27
0763_0003_0013_0062_0062.jpg 1 3 13 62 62
0764_0030_0028_0046_0046.jpg 1 30 28 46 46
0765_0032_0051_0042_0042.jpg 1 32 51 42 42
0766_0022_0021_0057_0057.jpg 1 22 21 57 57
0767_0004_0028_0066_0066.jpg 1 4 28 66 66
0768_0012_0024_0049_0049.jpg 1 12 24 49 49
0769_0037_0045_0037_0037.jpg 1 37 45 37 37
0770_0017_0010_0067_0067.jpg 1 17 10 67 67
0771_0042_0048_0032_0032.jpg 1 42 48 32 32
0772_0047_0017_0031_0031.jpg 1 47 17 31 31
0773_0029_0012_0038_0038.jpg 1 29 12 38 38
0774_0024_0019_0064_0064.jpg 1 24 19 64 64
0775_0013_0033_0054_0054.jpg 1 13 33 54 54
0776_0005_0006_0064_0064.jpg 1 5 6 64 64
0777_0016_0037_0056_0056.jpg 1 16 37 56 56
0778_0018_0039_0044_0044.jpg 1 18 39 44 44
0779_0010_0009_0037_0037.jpg 1 10 9 37 37
0780_0022_0018_0064_0064.jpg 1 22 18 64 64
0781_0007_0018_0029_0029.jpg 1 7 18 29 29
0782_0021_0043_0040_0040.jpg 1 21 43 40 40
0783_0032_0014_0034_0034.jpg 1 32 14 34 34
0784_0046_0015_0042_0042.jpg 1 46 15 42 42
0785_0025_0038_0056_0056.jpg 1 25 38 56 56
0786_0007_0045_0042_0042.jpg 1 7 45 42 42
0787_0031_0043_0040_0040.jpg 1 31 43 40 40
0788_0034_0030_0058_0058.jpg 1 34 30 58 58
0789_0028_0013_0035_0035.jpg 1 28 13 35 35
0790_0025_0042_0037_0037.jpg 1 25 42 37 37
0791_0044_0040_0034_0034.jpg 1 44 40 34 34
0792_0045_0030_0037_0037.jpg 1 45 30 37 37
0793_0017_0017_0047_0047.jpg 1 17 17 47 47
0794_0038_0039_0041_0041.jpg 1 38 39 41 41
0795_0042_0010_0044_0044.jpg 1 42 10 44 44
0796_0018_0010_0040_0040.jpg 1 18 10 40 40
0797_0027_0008_0048_0048.jpg 1 27 8 48 48
0798_0041_0008_0052_0052.jpg 1 41 8 52 52
0799_0035_0053_0031_0031.jpg 1 35 53 31 31
0800_0008_0011_0042_0042.jpg 1 8 11 42 42
0801_0018_0040_0030_0030.jpg 1 18 40 30 30
0802_0020_0015_0063_0063.jpg 1 20 15 63 63
0803_0017_0031_0049_0049.jpg 1 17 31 49 49
0804_0024_0052_0030_0030.jpg 1 24 52 30 30
0805_0025_0037_0050_0050.jpg 1 25 37 50 50
0806_0026_0009_0027_0027.jpg 1 26 9 27 27
0807_0013_0011_0045_0045.jpg 1 13 11 45 45
0808_0041_0010_0026_0026.jpg 1 41 10 26 26
0809_0022_0035_0054_0054.jpg 1 22 35 54 54
0810_0014_0041_0047_0047.jpg 1 14 41 47 47
0811_0016_0007_0054_0054.jpg 1 16 7 54 54
0812_0017_0022_0059_0059.jpg 1 17 22 59 59
0813_0043_0044_0047_0047.jpg 1 43 44 47 47
0814_0006_0035_0035_0035.jpg 1 6 35 35 35
0815_0015_0030_0056_0056.jpg 1 15 30 56 56
0816_0025_0027_0048_0048.jpg 1 25 27 48 48
0817_0055_0053_0028_0028.jpg 1 55 53 28 28
0818_0012_0007_0050_0050.jpg 1 12 7 50 50
0819_0025_0028_0044_0044.jpg 1 25 28 44 44
0820_0030_0036_0055_0055.jpg 1 30 36 55 55
0821_0031_0006_0038_0038.jpg 1 31 6 38 38
0822_0023_0019_0050_0050.jpg 1 23 19 50 50
0823_0040_0058_0034_0034.jpg 1 40 58 34 34
0824_0026_0020_0069_0069.jpg 1 26 20 69 69
0825_0044_0030_0038_0038.jpg 1 44 30 38 38
0826_0034_0020_0033_0033.jpg 1 34 20 33 33
0827_0024_0029_0038_0038.jpg 1 24 29 38 38
0828_0064_0054_0027_0027.jpg 1 64 54 27 27
0829_0016_0053_0025_0025.jpg 1 16 53 25 25
0830_0047_0041_0040_0040.jpg 1 47 41 40 40
0831_0019_0050_0025_0025.jpg 1 19 50 25 25
0832_0008_0006_0060_0060.jpg 1 8 6 60 60
0833_0033_0038_0053_0053.jpg 1 33 38 53 53
0834_0031_0031_0052_0052.jpg 1 31 31 52 52
0835_0036_0029_0031_0031.jpg 1 36 29 31 31
0836_0029_0045_0043_0043.jpg 1 29 45 43 43
0837_0039_0016_0053_0053.jpg 1 39 16 53 53
0838_0015_0046_0027_0027.jpg 1 15 46 27 27
0839_0023_0033_0059_0059.jpg 1 23 33 59 59
0840_0044_0020_0047_0047.jpg 1 44 20 47 47
0841_0039_0057_0036_0036.jpg 1 39 57 36 36
0842_0012_0026_0031_0031.jpg 1 12 26 31 31
0843_0038_0020_0038_0038.jpg 1 38 20 38 38
0844_0046_0008_0038_0038.jpg 1 46 8 38 38
0845_0036_0009_0034_0034.jpg 1 36 9 34 34
0846_0026_0047_0033_0033.jpg 1 26 47 33 33
0847_0024_0026_0065_0065.jpg 1 24 26 65 65
0848_0006_0018_0056_0056.jpg 1 6 18 56 56
0849_0019_0035_0058_0058.jpg 1 19 35 58 58
0850_0045_0044_0035_0035.jpg 1 45 44 35 35
0851_0051_0033_0031_0031.jpg 1 51 33 31 31
0852_0010_0017_0059_0059.jpg 1 10 17 59 59
0853_0014_0029_0054_0054.jpg 1 14 29 54 54
0854_0017_0025_0038_0038.jpg 1 17 25 38 38
0855_0009_0024_0050_0050.jpg 1 9 24 50 50
0856_0012_0016_0052_0052.jpg 1 12 16 52 52
0857_0007_0058_0027_0027.jpg 1 7 58 27 27
0858_0010_0011_0062_0062.jpg 1 10 11 62 62
0859_0018_0016_0052_0052.jpg 1 18 16 52 52
0860_0014_0014_0034_0034.jpg 1 14 14 34 34
0861_0051_0054_0027_0027.jpg 1 51 54 27 27
0862_0011_0037_0029_0029.jpg 1 11 37 29 29
0863_0018_0015_0046_0046.jpg 1 18 15 46 46
0864_0037_0022_0042_0042.jpg 1 37 22 42 42
0865_0035_0040_0049_0049.jpg 1 35 40 49 49
0866_0015_0006_0062_0062.jpg 1 15 6 62 62
0867_0043_0035_0030_0030.jpg 1 43 35 30 30
0868_0044_0006_0046_0046.jpg 1 44 6 46 46
0869_0036_0024_0047_0047.jpg 1 36 24 47 47
0870_0009_0021_0046_0046.jpg 1 9 21 46 46
0871_0031_0046_0035_0035.jpg 1 31 46 35 35
0872_0006_0007_0068_0068.jpg 1 6 7 68 68
0873_0008_0040_0030_0030.jpg 1 8 40 30 30
0874_0010_0026_0066_0066.jpg 1 10 26 66 66
0875_0037_0015_0046_0046.jpg 1 37 15 46 46
0876_0021_0022_0037_0037.jpg 1 21 22 37 37
0877_0028_0013_0060_0060.jpg 1 28 13 60 60
0878_0018_0005_0064_0064.jpg 1 18 5 64 64
0879_0017_0044_0048_0048.jpg 1 17 44 48 48
0880_0058_0051_0029_0029.jpg 1 58 51 29 29
0881_0027_0040_0025_0025.jpg 1 27 40 25 25
0882_0028_0021_0064_0064.jpg 1 28 21 64 64
0883_0034_0028_0055_0055.jpg 1 34 28 55 55
0884_0030_0056_0032_0032.jpg 1 30 56 32 32
0885_0043_0053_0035_0035.jpg 1 43 53 35 35
0886_0034_0020_0024_0024.jpg 1 34 20 24 24
0887_0024_0043_0049_0049.jpg 1 24 43 49 49
0888_0017_0051_0031_0031.jpg 1 17 51 31 31
0889_0005_0004_0069_0069.jpg 1 5 4 69 69
0890_0060_0044_0030_0030.jpg 1 60 44 30 30
0891_0033_0045_0041_0041.jpg 1 33 45 41 41
0892_0029_0016_0024_0024.jpg 1 29 16 24 24
0893_0049_0019_0043_0043.jpg 1 49 19 43 43
0894_0010_0020_0046_0046.jpg 1 10 20 46 46
0895_0021_0008_0065_0065.jpg 1 21 8 65 65
0896_0024_0033_0040_0040.jpg 1 24 33 40 40
0897_0049_0043_0043_0043.jpg 1 49 43 43 43
0898_0011_0012_0042_0042.jpg 1 11 12 42 42
0899_0024_0009_0051_0051.jpg 1 24 9 51 51
0900_0045_0012_0030_0030.jpg 1 45 12 30 30
0901_0053_0009_0026_0026.jpg 1 53 9 26 26
0902_0016_0024_0069_0069.jpg 1 16 24 69 69
0903_0010_0029_0066_0066.jpg 1 10 29 66 66
0904_0033_0041_0039_0039.jpg 1 33 41 39 39
0905_0034_0028_0041_0041.jpg 1 34 28 41 41
0906_0026_0015_0069_0069.jpg 1 26 15 69 69
0907_0040_0033_0052_0052.jpg 1 40 33 52 52
0908_0057_0028_0036_0036.jpg 1 57 28 36 36
0909_0012_0007_0056_0056.jpg 1 12 7 56 56
0910_0014_0016_0061_0061.jpg 1 14 16 61 61
0911_0018_0023_0053_0053.jpg 1 18 23 53 53
0912_0049_0052_0040_0040.jpg 1 49 52 40 40
0913_0021_0023_0027_0027.jpg 1 21 23 27 27
0914_0048_0025_0040_0040.jpg 1 48 25 40 40
0915_0027_0014_0038_0038.jpg 1 27 14 38 38
0916_0013_0040_0053_0053.jpg 1 13 40 53 53
0917_0020_0041_0044_0044.jpg 1 20 41 44 44
0918_0012_0027_0067_0067.jpg 1 12 27 67 67
0919_0012_0038_0051_0051.jpg 1 12 38 51 51
0920_0007_0010_0059_0059.jpg 1 7 10 59 59
0921_0027_0016_0064_0064.jpg 1 27 16 64 64
0922_0050_0009_0029_0029.jpg 1 50 9 29 29
0923_0038_0020_0052_0052.jpg 1 38 20 52 52
0924_0024_0029_0060_0060.jpg 1 24 29 60 60
0925_0063_0033_0024_0024.jpg 1 63 33 24 24
0926_0031_0008_0026_0026.jpg 1 31 8 26 26
0927_0031_0018_0042_0042.jpg 1 31 18 42 42
0928_0032_0026_0055_0055.jpg 1 32 26 55 55
0929_0009_0018_0035_0035.jpg 1 9 18 35 35
0930_0023_0010_0040_0040.jpg 1 23 10 40 40
0931_0036_0008_0045_0045.jpg 1 36 8 45 45
0932_0033_0031_0042_0042.jpg 1 33 31 42 42
0933_0050_0058_0027_0027.jpg 1 50 58 27 27
0934_0031_0027_0040_0040.jpg 1 31 27 40 40
0935_0028_0017_0040_0040.jpg 1 28 17 40 40
0936_0049_0006_0040_0040.jpg 1 49 6 40 40
0937_0021_0052_0035_0035.jpg 1 21 52 35 35
0938_0003_0007_0068_0068.jpg 1 3 7 68 68
0939_0011_0046_0033_0033.jpg 1 11 46 33 33
0940_0025_0038_0031_0031.jpg 1 25 38 31 31
0941_0019_0005_0066_0066.jpg 1 19 5 66 66
0942_0026_0026_0066_0066.jpg 1 26 26 66 66
0943_0027_0016_0068_0068.jpg 1 27 16 68 68
0944_0005_0028_0058_0058.jpg 1 5 28 58 58
0945_0011_0012_0052_0052.jpg 1 11 12 52 52
0946_0050_0029_0037_0037.jpg 1 50 29 37 37
0947_0025_0015_0062_0062.jpg 1 25 15 62 62
0948_0014_0015_0049_0049.jpg 1 14 15 49 49
0949_0026_0027_0040_0040.jpg 1 26 27 40 40
0950_0010_0009_0052_0052.jpg 1 10 9 52 52
0951_0036_0042_0037_0037.jpg 1 36 42 37 37
0952_0025_0018_0049_0049.jpg 1 25 18 49 49
0953_0013_0015_0049_0049.jpg 1 13 15 49 49
0954_0023_0042_0041_0041.jpg 1 23 42 41 41
0955_0012_0049_0044_0044.jpg 1 12 49 44 44
0956_0023_0026_0028_0028.jpg 1 23 26 28 28
0957_0038_0034_0049_0049.jpg 1 38 34 49 49
0958_0006_0022_0058_0058.jpg 1 6 22 58 58
0959_0022_0050_0024_0024.jpg 1 22 50 24 24
0960_0026_0006_0059_0059.jpg 1 26 6 59 59
0961_0018_0023_0066_0066.jpg 1 18 23 66 66
0962_0032_0014_0035_0035.jpg 1 32 14 35 35
0963_0034_0040_0050_0050.jpg 1 34 40 50 50
0964_0052_0020_0026_0026.jpg 1 52 20 26 26
0965_0034_0010_0024_0024.jpg 1 34 10 24 24
0966_0045_0039_0043_0043.jpg 1 45 39 43 43
0967_0030_0024_0041_0041.jpg 1 30 24 41 41
0968_0034_0006_0052_0052.jpg 1 34 6 52 52
0969_0032_0036_0045_0045.jpg 1 32 36 45 45
0970_0034_0020_0052_0052.jpg 1 34 20 52 52
0971_0017_0007_0066_0066.jpg 1 17 7 66 66
0972_0016_0027_0035_0035.jpg 1 16 27 35 35
0973_0008_0040_0038_0038.jpg 1 8 40 38 38
0974_0020_0055_0037_0037.jpg 1 20 55 37 37
0975_0023_0020_0068_0068.jpg 1 23 20 68 68
0976_0029_0017_0063_0063.jpg 1 29 17 63 63
0977_0025_0053_0029_0029.jpg 1 25 53 29 29
0978_0007_0016_0062_0062.jpg 1 7 16 62 62
0979_0031_0040_0050_0050.jpg 1 31 40 50 50
0980_0016_0053_0034_0034.jpg 1 16 53 34 34
0981_0036_0037_0042_0042.jpg 1 36 37 42 42
0982_0031_0037_0051_0051.jpg 1 31 37 51 51
0983_0017_0046_0035_0035.jpg 1 17 46 35 35
0984_0029_0036_0055_0055.jpg 1 29 36 55 55
0985_0015_0020_0056_0056.jpg 1 15 20 56 56
0986_0020_0033_0038_0038.jpg 1 20 33 38 38
0987_0052_0012_0031_0031.jpg 1 52 12 31 31
0988_0014_0056_0031_0031.jpg 1 14 56 31 31
0989_0018_0010_0062_0062.jpg 1 18 10 62 62
0990_0025_0024_0064_0064.jpg 1 25 24 64 64
0991_0064_0014_0026_0026.jpg 1 64 14 26 26
0992_0058_0047_0034_0034.jpg 1 58 47 34 34
0993_0008_0008_0038_0038.jpg 1 8 8 38 38
0994_0025_0024_0029_0029.jpg 1 25 24 29 29
0995_0040_0015_0031_0031.jpg 1 40 15 31 31
0996_0040_0018_0047_0047.jpg 1 40 18 47 47
0997_0041_0011_0034_0034.jpg 1 41 11 34 34
0998_0051_0007_0035_0035.jpg 1 51 7 35 35
0999_0032_0033_0057_0057.jpg 1 32 33 57 57
1000_0030_0013_0040_0040.jpg 1 30 13 40 40
1001_0053_0013_0034_0034.jpg 1 53 13 34 34
1002_0029_0029_0058_0058.jpg 1 29 29 58 58
1003_0035_0013_0060_0060.jpg 1 35 13 60 60
1004_0056_0052_0029_0029.jpg 1 56 52 29 29
1005_0020_0037_0040_0040.jpg 1 20 37 40 40
1006_0008_0024_0042_0042.jpg 1 8 24 42 42
1007_0039_0042_0029_0029.jpg 1 39 42 29 29
1008_0020_0014_0068_0068.jpg 1 20 14 68 68
1009_0063_0043_0025_0025.jpg 1 63 43 25 25
1010_0013_0008_0053_0053.jpg 1 13 8 53 53
1011_0046_0022_0040_0040.jpg 1 46 22 40 40
1012_0020_0041_0051_0051.jpg 1 20 41 51 51
1013_0030_0022_0044_0044.jpg 1 30 22 44 44
1014_0050_0020_0033_0033.jpg 1 50 20 33 33
1015_0023_0027_0029_0029.jpg 1 23 27 29 29
1016_0006_0035_0049_0049.jpg 1 6 35 49 49
1017_0041_0047_0044_0044.jpg 1 41 47 44 44
1018_0011_0048_0036_0036.jpg 1 11 48 36 36
1019_0041_0031_0041_0041.jpg 1 41 31 41 41
1020_0024_0046_0046_0046.jpg 1 24 46 46 46
1021_0004_0016_0054_0054.jpg 1 4 16 54 54
1022_0018_0021_0055_0055.jpg 1 18 21 55 55
1023_0030_0008_0062_0062.jpg 1 30 8 62 62
1024_0058_0021_0030_0030.jpg 1 58 21 30 30
1025_0025_0039_0027_0027.jpg 1 25 39 27 27
1026_0032_0010_0057_0057.jpg 1 32 10 57 57
1027_0044_0042_0027_0027.jpg 1 44 42 27 27
1028_0055_0010_0034_0034.jpg 1 55 10 34 34
1029_0051_0065_0027_0027.jpg 1 51 65 27 27
1030_0020_0015_0047_0047.jpg 1 20 15 47 47
1031_0029_0026_0057_0057.jpg 1 29 26 57 57
1032_0026_0047_0039_0039.jpg 1 26 47 39 39
1033_0058_0042_0030_0030.jpg 1 58 42 30 30
1034_0020_0046_0037_0037.jpg 1 20 46 37 37
1035_0025_0047_0025_0025.jpg 1 25 47 25 25
1036_0033_0054_0035_0035.jpg 1 33 54 35 35
1037_0006_0022_0069_0069.jpg 1 6 22 69 69
1038_0040_0054_0035_0035.jpg 1 40 54 35 35
1039_0038_0026_0041_0041.jpg 1 38 26 41 41
1040_0028_0024_0060_0060.jpg 1 28 24 60 60
1041_0010_0052_0031_0031.jpg 1 10 52 31 31
1042_0043_0039_0044_0044.jpg 1 43 39 44 44
1043_0010_0007_0054_0054.jpg 1 10 7 54 54
1044_0030_0011_0049_0049.jpg 1 30 11 49 49
1045_0039_0011_0049_0049.jpg 1 39 11 49 49
1046_0013_0024_0048_0048.jpg 1 13 24 48 48
1047_0036_0043_0029_0029.jpg 1 36 43 29 29
1048_0030_0026_0062_0062.jpg 1 30 26 62 62
1049_0046_0029_0039_0039.jpg 1 46 29 39 39
1050_0006_0026_0055_0055.jpg 1 6 26 55 55
1051_0065_0051_0024_0024.jpg 1 65 51 24 24
1052_0061_0051_0028_0028.jpg 1 61 51 28 28
1053_0039_0010_0052_0052.jpg 1 39 10 52 52
1054_0041_0029_0041_0041.jpg 1 41 29 41 41
1055_0007_0035_0040_0040.jpg 1 7 35 40 40
1056_0015_0046_0039_0039.jpg 1 15 46 39 39
1057_0054_0029_0037_0037.jpg 1 54 29 37 37
1058_0021_0046_0041_0041.jpg 1 21 46 41 41
1059_0004_0036_0055_0055.jpg 1 4 36 55 55
1060_0010_0022_0045_0045.jpg 1 10 22 45 45
1061_0008_0042_0032_0032.jpg 1 8 42 32 32
1062_0051_0043_0029_0029.jpg 1 51 43 29 29
1063_0048_0050_0043_0043.jpg 1 48 50 43 43
1064_0048_0019_0043_0043.jpg 1 48 19 43 43
1065_0035_0035_0053_0053.jpg 1 35 35 53 53
1066_0010_0007_0065_0065.jpg 1 10 7 65 65
1067_0008_0052_0041_0041.jpg 1 8 52 41 41
1068_0050_0010_0038_0038.jpg 1 50 10 38 38
1069_0022_0022_0062_0062.jpg 1 22 22 62 62
1070_0038_0016_0055_0055.jpg 1 38 16 55 55
1071_0039_0036_0033_0033.jpg 1 39 36 33 33
1072_0035_0057_0031_0031.jpg 1 35 57 31 31
1073_0006_0007_0048_0048.jpg 1 6 7 48 48
1074_0018_0023_0051_0051.jpg 1 18 23 51 51
1075_0035_0038_0042_0042.jpg 1 35 38 42 42
1076_0057_0046_0035_0035.jpg 1 57 46 35 35
1077_0018_0037_0057_0057.jpg 1 18 37 57 57
1078_0036_0022_0054_0054.jpg 1 36 22 54 54
1079_0063_0063_0028_0028.jpg 1 63 63 28 28
1080_0032_0049_0037_0037.jpg 1 32 49 37 37
1081_0019_0009_0029_0029.jpg 1 19 9 29 29
1082_0028_0031_0024_0024.jpg 1 28 31 24 24
1083_0057_0027_0028_0028.jpg 1 57 27 28 28
1084_0054_0035_0034_0034.jpg 1 54 35 34 34
1085_0014_0034_0043_0043.jpg 1 14 34 43 43
1086_0012_0009_0067_0067.jpg 1 12 9 67 67
1087_0034_0020_0060_0060.jpg 1 34 20 60 60
1088_0028_0059_0034_0034.jpg 1 28 59 34 34
1089_0026_0041_0025_0025.jpg 1 26 41 25 25
1090_0010_0021_0054_0054.jpg 1 10 21 54 54
1091_0010_0035_0028_0028.jpg 1 10 35 28 28
1092_0028_0038_0025_0025.jpg 1 28 38 25 25
1093_0009_0024_0066_0066.jpg 1 9 24 66 66
1094_0053_0059_0026_0026.jpg 1 53 59 26 26
1095_0011_0016_0045_0045.jpg 1 11 16 45 45
1096_0060_0008_0028_0028.jpg 1 60 8 28 28
1097_0035_0011_0053_0053.jpg 1 35 11 53 53
1098_0018_0046_0042_0042.jpg 1 18 46 42 42
1099_0027_0016_0040_0040.jpg 1 27 16 40 40
1100_0011_0028_0029_0029.jpg 1 11 28 29 29
1101_0051_0050_0040_0040.jpg 1 51 50 40 40
1102_0036_0042_0048_0048.jpg 1 36 42 48 48
1103_0030_0030_0040_0040.jpg 1 30 30 40 40
1104_0009_0006_0061_0061.jpg 1 9 6 61 61
1105_0042_0030_0043_0043.jpg 1 42 30 43 43
1106_0038_0061_0027_0027.jpg 1 38 61 27 27
1107_0021_0020_0041_0041.jpg 1 21 20 41 41
1108_0010_0029_0063_0063.jpg 1 10 29 63 63
1109_0043_0006_0043_0043.jpg 1 43 6 43 43
1110_0009_0014_0068_0068.jpg 1 9 14 68 68
1111_0017_0038_0056_0056.jpg 1 17 38 56 56
1112_0037_0022_0030_0030.jpg 1 37 22 30 30
1113_0008_0039_0041_0041.jpg 1 8 39 41 41
1114_0017_0022_0057_0057.jpg 1 17 22 57 57
1115_0033_0035_0060_0060.jpg 1 33 35 60 60
1116_0037_0029_0038_0038.jpg 1 37 29 38 38
1117_0016_0048_0039_0039.jpg 1 16 48 39 39
1118_0015_0019_0066_0066.jpg 1 15 19 66 66
1119_0009_0009_0063_0063.jpg 1 9 9 63 63
1120_0016_0028_0066_0066.jpg 1 16 28 66 66
1121_0029_0007_0038_0038.jpg 1 29 7 38 38
1122_0033_0041_0038_0038.jpg 1 33 41 38 38
1123_0014_0016_0032_0032.jpg 1 14 16 32 32
1124_0059_0012_0032_0032.jpg 1 59 12 32 32
1125_0031_0007_0048_0048.jpg 1 31 7 48 48
1126_0059_0056_0034_0034.jpg 1 59 56 34 34
1127_0007_0025_0064_0064.jpg 1 7 25 64 64
1128_0024_0022_0068_0068.jpg 1 24 22 68 68
1129_0019_0030_0025_0025.jpg 1 19 30 25 25
1130_0058_0019_0035_0035.jpg 1 58 19 35 35
1131_0026_0034_0046_0046.jpg 1 26 34 46 46
1132_0017_0048_0034_0034.jpg 1 17 48 34 34
1133_0035_0019_0058_0058.jpg 1 35 19 58 58
1134_0008_0048_0034_0034.jpg 1 8 48 34 34
1135_0044_0049_0044_0044.jpg 1 44 49 44 44
1136_0045_0008_0041_0041.jpg 1 45 8 41 41
1137_0015_0046_0041_0041.jpg 1 15 46 41 41
1138_0041_0026_0053_0053.jpg 1 41 26 53 53
1139_0053_0032_0032_0032.jpg 1 53 32 32 32
1140_0012_0029_0059_0059.jpg 1 12 29 59 59
1141_0052_0034_0031_0031.jpg 1 52 34 31 31
1142_0043_0015_0024_0024.jpg 1 43 15 24 24
1143_0043_0042_0043_0043.jpg 1 43 42 43 43
1144_0023_0008_0050_0050.jpg 1 23 8 50 50
1145_0004_0008_0065_0065.jpg 1 4 8 65 65
1146_0022_0058_0025_0025.jpg 1 22 58 25 25
1147_0015_0037_0056_0056.jpg 1 15 37 56 56
1148_0024_0018_0054_0054.jpg 1 24 18 54 54
1149_0030_0044_0046_0046.jpg 1 30 44 46 46
1150_0054_0047_0031_0031.jpg 1 54 47 31 31
1151_0017_0035_0054_0054.jpg 1 17 35 54 54
1152_0026_0008_0067_0067.jpg 1 26 8 67 67
1153_0004_0013_0053_0053.jpg 1 4 13 53 53
1154_0030_0028_0042_0042.jpg 1 30 28 42 42
1155_0027_0029_0054_0054.jpg 1 27 29 54 54
1156_0026_0048_0029_0029.jpg 1 26 48 29 29
1157_0007_0033_0059_0059.jpg 1 7 33 59 59
1158_0051_0028_0037_0037.jpg 1 51 28 37 37
1159_0013_0015_0032_0032.jpg 1 13 15 32 32
1160_0042_0030_0044_0044.jpg 1 42 30 44 44
1161_0016_0048_0027_0027.jpg 1 16 48 27 27
1162_0010_0021_0056_0056.jpg 1 10 21 56 56
1163_0012_0036_0059_0059.jpg 1 12 36 59 59
1164_0006_0030_0054_0054.jpg 1 6 30 54 54
1165_0028_0019_0068_0068.jpg 1 28 19 68 68
1166_0024_0020_0068_0068.jpg 1 24 20 68 68
1167_0031_0009_0051_0051.jpg 1 31 9 51 51
1168_0045_0042_0032_0032.jpg 1 45 42 32 32
1169_0050_0049_0030_0030.jpg 1 50 49 30 30
1170_0040_0010_0028_0028.jpg 1 40 10 28 28
1171_0020_0009_0050_0050.jpg 1 20 9 50 50
1172_0023_0012_0054_0054.jpg 1 23 12 54 54
1173_0031_0029_0060_0060.jpg 1 31 29 60 60
1174_0042_0052_0031_0031.jpg 1 42 52 31 31
1175_0039_0055_0029_0029.jpg 1 39 55 29 29
1176_0049_0020_0036_0036.jpg 1 49 20 36 36
1177_0012_0021_0025_0025.jpg 1 12 21 25 25
1178_0022_0042_0034_0034.jpg 1 22 42 34 34
1179_0031_0020_0065_0065.jpg 1 31 20 65 65
1180_0024_0032_0026_0026.jpg 1 24 32 26 26
1181_0045_0050_0031_0031.jpg 1 45 50 31 31
1182_0027_0065_0025_0025.jpg 1 27 65 25 25
1183_0009_0028_0060_0060.jpg 1 9 28 60 60
1184_0009_0031_0062_0062.jpg 1 9 31 62 62
1185_0019_0009_0036_0036.jpg 1 19 9 36 36
1186_0045_0028_0033_0033.jpg 1 45 28 33 33
1187_0044_0007_0049_0049.jpg 1 44 7 49 49
1188_0056_0041_0032_0032.jpg 1 56 41 32 32
1189_0061_0048_0025_0025.jpg 1 61 48 25 25
1190_0059_0038_0029_0029.jpg 1 59 38 29 29
1191_0027_0046_0037_0037.jpg 1 27 46 37 37
1192_0015_0017_0062_0062.jpg 1 15 17 62 62
1193_0005_0025_0046_0046.jpg 1 5 25 46 46
1194_0024_0021_0068_0068.jpg 1 24 21 68 68
1195_0041_0013_0027_0027.jpg 1 41 13 27 27
1196_0012_0045_0035_0035.jpg 1 12 45 35 35
1197_0019_0035_0027_0027.jpg 1 19 35 27 27
1198_0007_0052_0024_0024.jpg 1 7 52 24 24
1199_0005_0025_0068_0068.jpg 1 5 25 68 68
1200_0032_0055_0037_0037.jpg 1 32 55 37 37
1201_0016_0025_0065_0065.jpg 1 16 25 65 65
1202_0020_0035_0034_0034.jpg 1 20 35 34 34
1203_0013_0034_0046_0046.jpg 1 13 34 46 46
1204_0042_0062_0025_0025.jpg 1 42 62 25 25
1205_0030_0014_0052_0052.jpg 1 30 14 52 52
1206_0022_0040_0048_0048.jpg 1 22 40 48 48
1207_0031_0050_0029_0029.jpg 1 31 50 29 29
1208_0012_0028_0068_0068.jpg 1 12 28 68 68
1209_0029_0033_0044_0044.jpg 1 29 33 44 44
1210_0047_0044_0041_0041.jpg 1 47 44 41 41
1211_0046_0055_0029_0029.jpg 1 46 55 29 29
1212_0043_0006_0051_0051.jpg 1 43 6 51 51
1213_0052_0049_0030_0030.jpg 1 52 49 30 30
1214_0011_0014_0066_0066.jpg 1 11 14 66 66
1215_0017_0036_0041_0041.jpg 1 17 36 41 41
1216_0026_0030_0065_0065.jpg 1 26 30 65 65
1217_0018_0035_0046_0046.jpg 1 18 35 46 46
1218_0029_0011_0059_0059.jpg 1 29 11 59 59
1219_0012_0041_0051_0051.jpg 1 12 41 51 51
1220_0013_0026_0061_0061.jpg 1 13 26 61 61
1221_0036_0043_0029_0029.jpg 1 36 43 29 29
1222_0018_0028_0060_0060.jpg 1 18 28 60 60
1223_0026_0029_0060_0060.jpg 1 26 29 60 60
1224_0023_0017_0063_0063.jpg 1 23 17 63 63
1225_0017_0017_0055_0055.jpg 1 17 17 55 55
1226_0032_0014_0061_0061.jpg 1 32 14 61 61
1227_0013_0026_0042_0042.jpg 1 13 26 42 42
1228_0024_0014_0035_0035.jpg 1 24 14 35 35
1229_0012_0017_0055_0055.jpg 1 12 17 55 55
1230_0026_0050_0025_0025.jpg 1 26 50 25 25
1231_0053_0021_0036_0036.jpg 1 53 21 36 36
1232_0017_0018_0060_0060.jpg 1 17 18 60 60
1233_0020_0007_0049_0049.jpg 1 20 7 49 49
1234_0024_0014_0052_0052.jpg 1 24 14 52 52
1235_0026_0029_0056_0056.jpg 1 26 29 56 56
1236_0010_0008_0069_0069.jpg 1 10 8 69 69
1237_0025_0015_0028_0028.jpg 1 25 15 28 28
1238_0030_0010_0059_0059.jpg 1 30 10 59 59
1239_0038_0021_0035_0035.jpg 1 38 21 35 35
1240_0039_0007_0044_0044.jpg 1 39 7 44 44
1241_0008_0015_0066_0066.jpg 1 8 15 66 66
1242_0031_0028_0042_0042.jpg 1 31 28 42 42
1243_0016_0008_0064_0064.jpg 1 16 8 64 64
1244_0042_0019_0050_0050.jpg 1 42 19 50 50
1245_0032_0028_0034_0034.jpg 1 32 28 34 34
1246_0063_0031_0025_0025.jpg 1 63 31 25 25
1247_0009_0016_0068_0068.jpg 1 9 16 68 68
1248_0032_0021_0062_0062.jpg 1 32 21 62 62
1249_0010_0042_0041_0041.jpg 1 10 42 41 41
1250_0010_0057_0032_0032.jpg 1 10 57 32 32
1251_0006_0014_0060_0060.jpg 1 6 14 60 60
1252_0026_0009_0066_0066.jpg 1 26 9 66 66
1253_0020_0024_0063_0063.jpg 1 20 24 63 63
1254_0053_0018_0036_0036.jpg 1 53 18 36 36
1255_0011_0018_0066_0066.jpg 1 11 18 66 66
1256_0016_0033_0025_0025.jpg 1 16 33 25 25
1257_0038_0028_0057_0057.jpg 1 38 28 57 57
1258_0030_0051_0036_0036.jpg 1 30 51 36 36
1259_0025_0027_0062_0062.jpg 1 25 27 62 62
1260_0007_0050_0044_0044.jpg 1 7 50 44 44
1261_0029_0044_0045_0045.jpg 1 29 44 45 45
1262_0005_0007_0052_0052.jpg 1 5 7 52 52
1263_0036_0054_0034_0034.jpg 1 36 54 34 34
1264_0005_0024_0069_0069.jpg 1 5 24 69 69
1265_0021_0044_0043_0043.jpg 1 21 44 43 43
1266_0011_0019_0037_0037.jpg 1 11 19 37 37
1267_0014_0030_0060_0060.jpg 1 14 30 60 60
1268_0033_0039_0050_0050.jpg 1 33 39 50 50
1269_0012_0026_0057_0057.jpg 1 12 26 57 57
1270_0054_0009_0032_0032.jpg 1 54 9 32 32
1271_0017_0007_0040_0040.jpg 1 17 7 40 40
1272_0016_0044_0026_0026.jpg 1 16 44 26 26
1273_0014_0039_0037_0037.jpg 1 14 39 37 37
1274_0010_0027_0068_0068.jpg 1 10 27 68 68
1275_0011_0031_0065_0065.jpg 1 11 31 65 65
1276_0028_0037_0054_0054.jpg 1 28 37 54 54
1277_0025_0012_0064_0064.jpg 1 25 12 64 64
1278_0020_0017_0059_0059.jpg 1 20 17 59 59
1279_0011_0038_0045_0045.jpg 1 11 38 45 45
1280_0025_0032_0061_0061.jpg 1 25 32 61 61
1281_0036_0009_0028_0028.jpg 1 36 9 28 28
1282_0030_0035_0052_0052.jpg 1 30 35 52 52
1283_0034_0007_0054_0054.jpg 1 34 7 54 54
1284_0012_0043_0035_0035.jpg 1 12 43 35 35
1285_0021_0023_0029_0029.jpg 1 21 23 29 29
1286_0011_0033_0058_0058.jpg 1 11 33 58 58
1287_0027_0034_0055_0055.jpg 1 27 34 55 55
1288_0010_0049_0038_0038.jpg 1 10 49 38 38
1289_0043_0025_0045_0045.jpg 1 43 25 45 45
1290_0040_0018_0051_0051.jpg 1 40 18 51 51
1291_0035_0005_0045_0045.jpg 1 35 5 45 45
1292_0017_0022_0060_0060.jpg 1 17 22 60 60
1293_0022_0023_0048_0048.jpg 1 22 23 48 48
1294_0053_0025_0033_0033.jpg 1 53 25 33 33
1295_0006_0016_0065_0065.jpg 1 6 16 65 65
1296_0015_0024_0029_0029.jpg 1 15 24 29 29
1297_0051_0024_0034_0034.jpg 1 51 24 34 34
1298_0007_0012_0025_0025.jpg 1 7 12 25 25
1299_0018_0016_0052_0052.jpg 1 18 16 52 52
1300_0007_0033_0060_0060.jpg 1 7 33 60 60
1301_0039_0035_0027_0027.jpg 1 39 35 27 27
1302_0015_0006_0066_0066.jpg 1 15 6 66 66
1303_0007_0012_0043_0043.jpg 1 7 12 43 43
1304_0010_0034_0032_0032.jpg 1 10 34 32 32
1305_0033_0005_0054_0054.jpg 1 33 5 54 54
1306_0020_0034_0030_0030.jpg 1 20 34 30 30
1307_0006_0035_0059_0059.jpg 1 6 35 59 59
1308_0029_0034_0032_0032.jpg 1 29 34 32 32
1309_0032_0029_0059_0059.jpg 1 32 29 59 59
1310_0049_0053_0037_0037.jpg 1 49 53 37 37
1311_0058_0023_0026_0026.jpg 1 58 23 26 26
1312_0055_0006_0034_0034.jpg 1 55 6 34 34
1313_0030_0048_0042_0042.jpg 1 30 48 42 42
1314_0033_0036_0029_0029.jpg 1 33 36 29 29
1315_0028_0007_0052_0052.jpg 1 28 7 52 52
1316_0032_0021_0026_0026.jpg 1 32 21 26 26
1317_0030_0021_0051_0051.jpg 1 30 21 51 51
1318_0014_0034_0032_0032.jpg 1 14 34 32 32
1319_0017_0006_0066_0066.jpg 1 17 6 66 66
1320_0049_0026_0024_0024.jpg 1 49 26 24 24
1321_0014_0021_0057_0057.jpg 1 14 21 57 57
1322_0016_0021_0062_0062.jpg 1 16 21 62 62
1323_0035_0011_0039_0039.jpg 1 35 11 39 39
1324_0007_0009_0068_0068.jpg 1 7 9 68 68
1325_0044_0048_0031_0031.jpg 1 44 48 31 31
1326_0035_0026_0039_0039.jpg 1 35 26 39 39
1327_0032_0006_0059_0059.jpg 1 32 6 59 59
1328_0021_0009_0048_0048.jpg 1 21 9 48 48
1329_0031_0022_0030_0030.jpg 1 31 22 30 30
1330_0009_0043_0045_0045.jpg 1 9 43 45 45
1331_0031_0027_0024_0024.jpg 1 31 27 24 24
1332_0043_0009_0050_0050.jpg 1 43 9 50 50
1333_0010_0036_0025_0025.jpg 1 10 36 25 25
1334_0022_0007_0063_0063.jpg 1 22 7 63 63
1335_0023_0029_0050_0050.jpg 1 23 29 50 50
1336_0027_0051_0042_0042.jpg 1 27 51 42 42
1337_0019_0018_0068_0068.jpg 1 19 18 68 68
1338_0031_0026_0044_0044.jpg 1 31 26 44 44
1339_0036_0019_0052_0052.jpg 1 36 19 52 52
1340_0043_0048_0044_0044.jpg 1 43 48 44 44
1341_0015_0035_0045_0045.jpg 1 15 35 45 45
1342_0029_0033_0059_0059.jpg 1 29 33 59 59
1343_0019_0017_0026_0026.jpg 1 19 17 26 26
1344_0028_0027_0055_0055.jpg 1 28 27 55 55
1345_0029_0035_0026_0026.jpg 1 29 35 26 26
1346_0022_0023_0028_0028.jpg 1 22 23 28 28
1347_0036_0009_0048_0048.jpg 1 36 9 48 48
1348_0012_0010_0062_0062.jpg 1 12 10 62 62
1349_0023_0029_0040_0040.jpg 1 23 29 40 40
1350_0003_0027_0068_0068.jpg 1 3 27 68 68
1351_0016_0006_0060_0060.jpg 1 16 6 60 60
1352_0018_0053_0032_0032.jpg 1 18 53 32 32
1353_0027_0033_0061_0061.jpg 1 27 33 61 61
1354_0019_0007_0061_0061.jpg 1 19 7 61 61
1355_0054_0018_0038_0038.jpg 1 54 18 38 38
1356_0018_0026_0066_0066.jpg 1 18 26 66 66
1357_0011_0008_0056_0056.jpg 1 11 8 56 56
1358_0037_0058_0024_0024.jpg 1 37 58 24 24
1359_0008_0046_0043_0043.jpg 1 8 46 43 43
1360_0031_0039_0027_0027.jpg 1 31 39 27 27
1361_0030_0039_0038_0038.jpg 1 30 39 38 38
1362_0024_0017_0033_0033.jpg 1 24 17 33 33
1363_0029_0024_0036_0036.jpg 1 29 24 36 36
1364_0048_0037_0045_0045.jpg 1 48 37 45 45
1365_0036_0022_0052_0052.jpg 1 36 22 52 52
1366_0038_0012_0034_0034.jpg 1 38 12 34 34
1367_0038_0010_0053_0053.jpg 1 38 10 53 53
1368_0029_0047_0037_0037.jpg 1 29 47 37 37
1369_0028_0026_0049_0049.jpg 1 28 26 49 49
1370_0028_0036_0057_0057.jpg 1 28 36 57 57
1371_0025_0006_0044_0044.jpg 1 25 6 44 44
1372_0037_0020_0043_0043.jpg 1 37 20 43 43
1373_0024_0013_0038_0038.jpg 1 24 13 38 38
1374_0040_0013_0033_0033.jpg 1 40 13 33 33
1375_0010_0032_0041_0041.jpg 1 10 32 41 41
1376_0006_0041_0045_0045.jpg 1 6 41 45 45
1377_0011_0011_0026_0026.jpg 1 11 11 26 26
1378_0008_0055_0035_0035.jpg 1 8 55 35 35
1379_0032_0045_0040_0040.jpg 1 32 45 40 40
1380_0050_0007_0035_0035.jpg 1 50 7 35 35
1381_0013_0004_0063_0063.jpg 1 13 4 63 63
1382_0028_0019_0034_0034.jpg 1 28 19 34 34
1383_0032_0018_0054_0054.jpg 1 32 18 54 54
1384_0027_0007_0061_0061.jpg 1 27 7 61 61
1385_0017_0040_0024_0024.jpg 1 17 40 24 24
1386_0007_0036_0049_0049.jpg 1 7 36 49 49
1387_0010_0038_0057_0057.jpg 1 10 38 57 57
1388_0055_0007_0030_0030.jpg 1 55 7 30 30
1389_0019_0007_0040_0040.jpg 1 19 7 40 40
1390_0035_0017_0046_0046.jpg 1 35 17 46 46
1391_0014_0033_0059_0059.jpg 1 14 33 59 59
1392_0013_0024_0041_0041.jpg 1 13 24 41 41
1393_0013_0006_0069_0069.jpg 1 13 6 69 69
1394_0007_0054_0025_0025.jpg 1 7 54 25 25
1395_0033_0042_0051_0051.jpg 1 33 42 51 51
1396_0036_0036_0058_0058.jpg 1 36 36 58 58
1397_0013_0028_0053_0053.jpg 1 13 28 53 53
1398_0014_0022_0055_0055.jpg 1 14 22 55 55
1399_0032_0025_0056_0056.jpg 1 32 25 56 56
1400_0025_0023_0069_0069.jpg 1 25 23 69 69
1401_0026_0032_0035_0035.jpg 1 26 32 35 35
1402_0062_0055_0029_0029.jpg 1 62 55 29 29
1403_0024_0055_0037_0037.jpg 1 24 55 37 37
1404_0030_0009_0052_0052.jpg 1 30 9 52 52
1405_0021_0050_0024_0024.jpg 1 21 50 24 24
1406_0013_0007_0043_0043.jpg 1 13 7 43 43
1407_0009_0018_0066_0066.jpg 1 9 18 66 66
1408_0018_0026_0037_0037.jpg 1 18 26 37 37
1409_0007_0028_0043_0043.jpg 1 7 28 43 43
1410_0007_0039_0030_0030.jpg 1 7 39 30 30
1411_0029_0007_0043_0043.jpg 1 29 7 43 43
1412_0012_0027_0051_0051.jpg 1 12 27 51 51
1413_0010_0027_0049_0049.jpg 1 10 27 49 49
1414_0014_0017_0058_0058.jpg 1 14 17 58 58
1415_0019_0008_0068_0068.jpg 1 19 8 68 68
1416_0031_0018_0025_0025.jpg 1 31 18 25 25
1417_0030_0034_0053_0053.jpg 1 30 34 53 53
1418_0018_0021_0044_0044.jpg 1 18 21 44 44
1419_0019_0030_0048_0048.jpg 1 19 30 48 48
1420_0043_0033_0031_0031.jpg 1 43 33 31 31
1421_0036_0024_0049_0049.jpg 1 36 24 49 49
1422_0047_0037_0042_0042.jpg 1 47 37 42 42
1423_0023_0025_0035_0035.jpg 1 23 25 35 35
1424_0048_0052_0040_0040.jpg 1 48 52 40 40
1425_0020_0023_0057_0057.jpg 1 20 23 57 57
1426_0007_0027_0037_0037.jpg 1 7 27 37 37
1427_0025_0012_0026_0026.jpg 1 25 12 26 26
1428_0036_0050_0037_0037.jpg 1 36 50 37 37
1429_0036_0041_0041_0041.jpg 1 36 41 41 41
1430_0032_0004_0058_0058.jpg 1 32 4 58 58
1431_0015_0044_0039_0039.jpg 1 15 44 39 39
1432_0003_0022_0069_0069.jpg 1 3 22 69 69
1433_0059_0046_0024_0024.jpg 1 59 46 24 24
1434_0037_0030_0057_0057.jpg 1 37 30 57 57
1435_0010_0033_0041_0041.jpg 1 10 33 41 41
1436_0022_0008_0064_0064.jpg 1 22 8 64 64
1437_0038_0040_0032_0032.jpg 1 38 40 32 32
1438_0015_0055_0026_0026.jpg 1 15 55 26 26
1439_0021_0032_0047_0047.jpg 1 21 32 47 47
1440_0005_0004_0063_0063.jpg 1 5 4 63 63
1441_0026_0023_0026_0026.jpg 1 26 23 26 26
1442_0011_0043_0050_0050.jpg 1 11 43 50 50
1443_0037_0041_0026_0026.jpg 1 37 41 26 26
1444_0011_0007_0039_0039.jpg 1 11 7 39 39
1445_0057_0011_0027_0027.jpg 1 57 11 27 27
1446_0065_0037_0024_0024.jpg 1 65 37 24 24
1447_0029_0027_0049_0049.jpg 1 29 27 49 49
1448_0034_0027_0049_0049.jpg 1 34 27 49 49
1449_0034_0006_0052_0052.jpg 1 34 6 52 52
1450_0014_0033_0047_0047.jpg 1 14 33 47 47
1451_0029_0021_0056_0056.jpg 1 29 21 56 56
1452_0034_0043_0045_0045.jpg 1 34 43 45 45
1453_0026_0006_0047_0047.jpg 1 26 6 47 47
1454_0035_0044_0037_0037.jpg 1 35 44 37 37
1455_0032_0037_0058_0058.jpg 1 32 37 58 58
1456_0021_0017_0042_0042.jpg 1 21 17 42 42
1457_0025_0011_0038_0038.jpg 1 25 11 38 38
1458_0034_0023_0056_0056.jpg 1 34 23 56 56
1459_0052_0025_0037_0037.jpg 1 52 25 37 37
1460_0016_0044_0044_0044.jpg 1 16 44 44 44
1461_0010_0036_0043_0043.jpg 1 10 36 43 43
1462_0021_0025_0031_0031.jpg 1 21 25 31 31
1463_0023_0022_0064_0064.jpg 1 23 22 64 64
1464_0021_0005_0068_0068.jpg 1 21 5 68 68
1465_0032_0021_0059_0059.jpg 1 32 21 59 59
1466_0017_0065_0026_0026.jpg 1 17 65 26 26
1467_0026_0013_0051_0051.jpg 1 26 13 51 51
1468_0065_0042_0025_0025.jpg 1 65 42 25 25
1469_0014_0035_0024_0024.jpg 1 14 35 24 24
1470_0034_0030_0047_0047.jpg 1 34 30 47 47
1471_0018_0043_0040_0040.jpg 1 18 43 40 40
1472_0035_0051_0032_0032.jpg 1 35 51 32 32
1473_0026_0009_0063_0063.jpg 1 26 9 63 63
1474_0019_0007_0045_0045.jpg 1 19 7 45 45
1475_0041_0027_0053_0053.jpg 1 41 27 53 53
1476_0010_0009_0053_0053.jpg 1 10 9 53 53
1477_0023_0031_0055_0055.jpg 1 23 31 55 55
1478_0051_0023_0037_0037.jpg 1 51 23 37 37
1479_0033_0035_0044_0044.jpg 1 33 35 44 44
1480_0024_0045_0042_0042.jpg 1 24 45 42 42
1481_0017_0023_0024_0024.jpg 1 17 23 24 24
1482_0015_0006_0053_0053.jpg 1 15 6 53 53
1483_0019_0019_0041_0041.jpg 1 19 19 41 41
1484_0007_0034_0052_0052.jpg 1 7 34 52 52
1485_0004_0011_0069_0069.jpg 1 4 11 69 69
1486_0014_0063_0028_0028.jpg 1 14 63 28 28
1487_0012_0028_0063_0063.jpg 1 12 28 63 63
1488_0012_0043_0032_0032.jpg 1 12 43 32 32
1489_0012_0026_0034_0034.jpg 1 12 26 34 34
1490_0004_0012_0061_0061.jpg 1 4 12 61 61
1491_0033_0041_0048_0048.jpg 1 33 41 48 48
1492_0012_0018_0029_0029.jpg 1 12 18 29 29
1493_0022_0009_0063_0063.jpg 1 22 9 63 63
1494_0014_0060_0030_0030.jpg 1 14 60 30 30
1495_0013_0014_0068_0068.jpg 1 13 14 68 68
1496_0025_0027_0068_0068.jpg 1 25 27 68 68
1497_0007_0011_0041_0041.jpg 1 7 11 41 41
1498_0035_0042_0042_0042.jpg 1 35 42 42 42
1499_0018_0007_0037_0037.jpg 1 18 7 37 37
1500_0023_0012_0044_0044.jpg 1 23 12 44 44
1501_0028_0055_0024_0024.jpg 1 28 55 24 24
1502_0038_0007_0047_0047.jpg 1 38 7 47 47
1503_0040_0042_0049_0049.jpg 1 40 42 49 49
1504_0045_0032_0042_0042.jpg 1 45 32 42 42
1505_0027_0032_0058_0058.jpg 1 27 32 58 58
1506_0032_0018_0045_0045.jpg 1 32 18 45 45
1507_0018_0021_0042_0042.jpg 1 18 21 42 42
1508_0019_0019_0042_0042.jpg 1 19 19 42 42
1509_0054_0025_0036_0036.jpg 1 54 25 36 36
1510_0014_0033_0034_0034.jpg 1 14 33 34 34
1511_0006_0015_0064_0064.jpg 1 6 15 64 64
1512_0038_0027_0053_0053.jpg 1 38 27 53 53
1513_0023_0024_0052_0052.jpg 1 23 24 52 52
1514_0029_0029_0049_0049.jpg 1 29 29 49 49
1515_0015_0009_0067_0067.jpg 1 15 9 67 67
1516_0012_0033_0062_0062.jpg 1 12 33 62 62
1517_0028_0022_0056_0056.jpg 1 28 22 56 56
1518_0019_0038_0037_0037.jpg 1 19 38 37 37
1519_0041_0056_0024_0024.jpg 1 41 56 24 24
1520_0015_0030_0036_0036.jpg 1 15 30 36 36
1521_0050_0054_0037_0037.jpg 1 50 54 37 37
1522_0062_0052_0031_0031.jpg 1 62 52 31 31
1523_0032_0040_0051_0051.jpg 1 32 40 51 51
1524_0027_0034_0046_0046.jpg 1 27 34 46 46
1525_0039_0027_0036_0036.jpg 1 39 27 36 36
1526_0016_0009_0063_0063.jpg 1 16 9 63 63
1527_0024_0030_0053_0053.jpg 1 24 30 53 53
1528_0007_0050_0029_0029.jpg 1 7 50 29 29
1529_0009_0021_0067_0067.jpg 1 9 21 67 67
1530_0015_0054_0027_0027.jpg 1 15 54 27 27
1531_0048_0053_0040_0040.jpg 1 48 53 40 40
1532_0022_0041_0029_0029.jpg 1 22 41 29 29
1533_0021_0014_0030_0030.jpg 1 21 14 30 30
1534_0005_0029_0057_0057.jpg 1 5 29 57 57
1535_0060_0023_0026_0026.jpg 1 60 23 26 26
1536_0020_0013_0063_0063.jpg 1 20 13 63 63
1537_0023_0010_0063_0063.jpg 1 23 10 63 63
1538_0011_0015_0068_0068.jpg 1 11 15 68 68
1539_0029_0024_0064_0064.jpg 1 29 24 64 64
1540_0006_0021_0046_0046.jpg 1 6 21 46 46
1541_0030_0011_0049_0049.jpg 1 30 11 49 49
1542_0019_0016_0049_0049.jpg 1 19 16 49 49
1543_0028_0007_0068_0068.jpg 1 28 7 68 68
1544_0027_0040_0032_0032.jpg 1 27 40 32 32
1545_0029_0006_0065_0065.jpg 1 29 6 65 65
1546_0024_0061_0025_0025.jpg 1 24 61 25 25
1547_0015_0022_0061_0061.jpg 1 15 22 61 61
1548_0021_0013_0064_0064.jpg 1 21 13 64 64
1549_0037_0008_0039_0039.jpg 1 37 8 39 39
1550_0021_0030_0048_0048.jpg 1 21 30 48 48
1551_0021_0005_0043_0043.jpg 1 21 5 43 43
1552_0023_0049_0040_0040.jpg 1 23 49 40 40
1553_0033_0036_0034_0034.jpg 1 33 36 34 34
1554_0030_0019_0049_0049.jpg 1 30 19 49 49
1555_0007_0017_0035_0035.jpg 1 7 17 35 35
1556_0033_0049_0041_0041.jpg 1 33 49 41 41
1557_0051_0028_0036_0036.jpg 1 51 28 36 36
1558_0022_0056_0029_0029.jpg 1 22 56 29 29
1559_0024_0035_0058_0058.jpg 1 24 35 58 58
1560_0038_0039_0031_0031.jpg 1 38 39 31 31
1561_0011_0013_0063_0063.jpg 1 11 13 63 63
1562_0012_0018_0069_0069.jpg 1 12 18 69 69
1563_0036_0017_0044_0044.jpg 1 36 17 44 44
1564_0007_0030_0059_0059.jpg 1 7 30 59 59
1565_0016_0039_0029_0029.jpg 1 16 39 29 29
1566_0006_0028_0058_0058.jpg 1 6 28 58 58
1567_0006_0017_0046_0046.jpg 1 6 17 46 46
1568_0043_0047_0036_0036.jpg 1 43 47 36 36
1569_0053_0048_0038_0038.jpg 1 53 48 38 38
1570_0007_0019_0049_0049.jpg 1 7 19 49 49
1571_0023_0013_0057_0057.jpg 1 23 13 57 57
1572_0034_0050_0041_0041.jpg 1 34 50 41 41
1573_0041_0043_0043_0043.jpg 1 41 43 43 43
1574_0022_0023_0069_0069.jpg 1 22 23 69 69
1575_0049_0028_0028_0028.jpg 1 49 28 28 28
1576_0032_0010_0063_0063.jpg 1 32 10 63 63
1577_0018_0016_0039_0039.jpg 1 18 16 39 39
1578_0014_0006_0044_0044.jpg 1 14 6 44 44
1579_0031_0047_0029_0029.jpg 1 31 47 29 29
1580_0026_0010_0026_0026.jpg 1 26 10 26 26
1581_0046_0045_0048_0048.jpg 1 46 45 48 48
1582_0028_0026_0062_0062.jpg 1 28 26 62 62
1583_0019_0019_0058_0058.jpg 1 19 19 58 58
1584_0031_0034_0039_0039.jpg 1 31 34 39 39
1585_0017_0040_0053_0053.jpg 1 17 40 53 53
1586_0052_0011_0030_0030.jpg 1 52 11 30 30
1587_0012_0027_0068_0068.jpg 1 12 27 68 68
1588_0027_0018_0039_0039.jpg 1 27 18 39 39
1589_0039_0057_0024_0024.jpg 1 39 57 24 24
1590_0060_0036_0031_0031.jpg 1 60 36 31 31
1591_0025_0015_0025_0025.jpg 1 25 15 25 25
1592_0046_0008_0041_0041.jpg 1 46 8 41 41
1593_0031_0057_0029_0029.jpg 1 31 57 29 29
1594_0056_0011_0029_0029.jpg 1 56 11 29 29
1595_0047_0034_0037_0037.jpg 1 47 34 37 37
1596_0026_0023_0058_0058.jpg 1 26 23 58 58
1597_0031_0038_0036_0036.jpg 1 31 38 36 36
1598_0044_0028_0044_0044.jpg 1 44 28 44 44
1599_0025_0021_0058_0058.jpg 1 25 21 58 58
1600_0058_0049_0033_0033.jpg 1 58 49 33 33
1601_0006_0019_0038_0038.jpg 1 6 19 38 38
1602_0039_0032_0037_0037.jpg 1 39 32 37 37
1603_0026_0020_0063_0063.jpg 1 26 20 63 63
1604_0007_0050_0029_0029.jpg 1 7 50 29 29
1605_0022_0034_0024_0024.jpg 1 22 34 24 24
1606_0037_0020_0053_0053.jpg 1 37 20 53 53
1607_0020_0019_0061_0061.jpg 1 20 19 61 61
1608_0012_0034_0056_0056.jpg 1 12 34 56 56
1609_0021_0013_0042_0042.jpg 1 21 13 42 42
1610_0013_0046_0046_0046.jpg 1 13 46 46 46
1611_0025_0027_0026_0026.jpg 1 25 27 26 26
1612_0036_0014_0042_0042.jpg 1 36 14 42 42
1613_0046_0017_0048_0048.jpg 1 46 17 48 48
1614_0019_0006_0033_0033.jpg 1 19 6 33 33
1615_0005_0008_0069_0069.jpg 1 5 8 69 69
1616_0013_0024_0057_0057.jpg 1 13 24 57 57
1617_0018_0024_0050_0050.jpg 1 18 24 50 50
1618_0039_0029_0025_0025.jpg 1 39 29 25 25
1619_0005_0022_0064_0064.jpg 1 5 22 64 64
1620_0046_0039_0027_0027.jpg 1 46 39 27 27
1621_0016_0004_0064_0064.jpg 1 16 4 64 64
1622_0030_0051_0040_0040.jpg 1 30 51 40 40
1623_0011_0029_0025_0025.jpg 1 11 29 25 25
1624_0051_0054_0030_0030.jpg 1 51 54 30 30
1625_0022_0006_0063_0063.jpg 1 22 6 63 63
1626_0015_0012_0054_0054.jpg 1 15 12 54 54
1627_0017_0044_0046_0046.jpg 1 17 44 46 46
1628_0020_0028_0067_0067.jpg 1 20 28 67 67
1629_0017_0013_0067_0067.jpg 1 17 13 67 67
1630_0032_0049_0030_0030.jpg 1 32 49 30 30
1631_0054_0054_0038_0038.jpg 1 54 54 38 38
1632_0045_0048_0035_0035.jpg 1 45 48 35 35
1633_0028_0022_0067_0067.jpg 1 28 22 67 67
1634_0025_0017_0069_0069.jpg 1 25 17 69 69
1635_0052_0042_0031_0031.jpg 1 52 42 31 31
1636_0024_0062_0026_0026.jpg 1 24 62 26 26
1637_0030_0010_0061_0061.jpg 1 30 10 61 61
1638_0044_0039_0050_0050.jpg 1 44 39 50 50
1639_0012_0042_0050_0050.jpg 1 12 42 50 50
1640_0024_0006_0069_0069.jpg 1 24 6 69 69
1641_0008_0045_0041_0041.jpg 1 8 45 41 41
1642_0022_0037_0033_0033.jpg 1 22 37 33 33
1643_0031_0032_0032_0032.jpg 1 31 32 32 32
1644_0017_0023_0059_0059.jpg 1 17 23 59 59
1645_0006_0041_0044_0044.jpg 1 6 41 44 44
1646_0023_0007_0056_0056.jpg 1 23 7 56 56
1647_0058_0027_0033_0033.jpg 1 58 27 33 33
1648_0029_0013_0027_0027.jpg 1 29 13 27 27
1649_0046_0037_0046_0046.jpg 1 46 37 46 46
1650_0011_0007_0063_0063.jpg 1 11 7 63 63
1651_0017_0022_0053_0053.jpg 1 17 22 53 53
1652_0029_0009_0026_0026.jpg 1 29 9 26 26
1653_0040_0013_0045_0045.jpg 1 40 13 45 45
1654_0039_0029_0045_0045.jpg 1 39 29 45 45
1655_0049_0049_0038_0038.jpg 1 49 49 38 38
1656_0033_0038_0042_0042.jpg 1 33 38 42 42
1657_0019_0041_0042_0042.jpg 1 19 41 42 42
1658_0036_0008_0038_0038.jpg 1 36 8 38 38
1659_0010_0024_0067_0067.jpg 1 10 24 67 67
1660_0018_0027_0060_0060.jpg 1 18 27 60 60
1661_0022_0009_0053_0053.jpg 1 22 9 53 53
1662_0017_0029_0063_0063.jpg 1 17 29 63 63
1663_0028_0016_0052_0052.jpg 1 28 16 52 52
1664_0020_0034_0056_0056.jpg 1 20 34 56 56
1665_0047_0025_0045_0045.jpg 1 47 25 45 45
1666_0035_0026_0049_0049.jpg 1 35 26 49 49
1667_0037_0007_0058_0058.jpg 1 37 7 58 58
1668_0021_0023_0064_0064.jpg 1 21 23 64 64
1669_0045_0053_0033_0033.jpg 1 45 53 33 33
1670_0032_0042_0048_0048.jpg 1 32 42 48 48
1671_0044_0018_0048_0048.jpg 1 44 18 48 48
1672_0053_0036_0040_0040.jpg 1 53 36 40 40
1673_0011_0013_0055_0055.jpg 1 11 13 55 55
1674_0045_0016_0048_0048.jpg 1 45 16 48 48
1675_0008_0050_0043_0043.jpg 1 8 50 43 43
1676_0036_0020_0052_0052.jpg 1 36 20 52 52
1677_0029_0030_0061_0061.jpg 1 29 30 61 61
1678_0003_0019_0069_0069.jpg 1 3 19 69 69
1679_0007_0016_0042_0042.jpg 1 7 16 42 42
1680_0055_0058_0034_0034.jpg 1 55 58 34 34
1681_0013_0025_0032_0032.jpg 1 13 25 32 32
1682_0040_0010_0044_0044.jpg 1 40 10 44 44
1683_0028_0012_0057_0057.jpg 1 28 12 57 57
1684_0055_0059_0034_0034.jpg 1 55 59 34 34
1685_0007_0023_0061_0061.jpg 1 7 23 61 61
1686_0006_0004_0059_0059.jpg 1 6 4 59 59
1687_0043_0027_0048_0048.jpg 1 43 27 48 48
1688_0024_0030_0052_0052.jpg 1 24 30 52 52
1689_0010_0019_0066_0066.jpg 1 10 19 66 66
1690_0031_0032_0031_0031.jpg 1 31 32 31 31
1691_0044_0006_0044_0044.jpg 1 44 6 44 44
1692_0023_0031_0056_0056.jpg 1 23 31 56 56
1693_0034_0013_0058_0058.jpg 1 34 13 58 58
1694_0006_0034_0038_0038.jpg 1 6 34 38 38
1695_0031_0045_0046_0046.jpg 1 31 45 46 46
1696_0029_0008_0055_0055.jpg 1 29 8 55 55
1697_0012_0039_0046_0046.jpg 1 12 39 46 46
1698_0008_0013_0064_0064.jpg 1 8 13 64 64
1699_0038_0032_0052_0052.jpg 1 38 32 52 52
1700_0042_0037_0042_0042.jpg 1 42 37 42 42
1701_0014_0021_0068_0068.jpg 1 14 21 68 68
1702_0009_0045_0028_0028.jpg 1 9 45 28 28
1703_0043_0031_0034_0034.jpg 1 43 31 34 34
1704_0010_0014_0032_0032.jpg 1 10 14 32 32
1705_0025_0066_0026_0026.jpg 1 25 66 26 26
1706_0034_0018_0054_0054.jpg 1 34 18 54 54
1707_0012_0054_0038_0038.jpg 1 12 54 38 38
1708_0022_0028_0052_0052.jpg 1 22 28 52 52
1709_0027_0011_0054_0054.jpg 1 27 11 54 54
1710_0027_0056_0030_0030.jpg 1 27 56 30 30
1711_0017_0023_0066_0066.jpg 1 17 23 66 66
1712_0024_0040_0024_0024.jpg 1 24 40 24 24
1713_0024_0020_0053_0053.jpg 1 24 20 53 53
1714_0037_0039_0028_0028.jpg 1 37 39 28 28
1715_0023_0020_0055_0055.jpg 1 23 20 55 55
1716_0032_0014_0050_0050.jpg 1 32 14 50 50
1717_0031_0010_0048_0048.jpg 1 31 10 48 48
1718_0052_0026_0034_0034.jpg 1 52 26 34 34
1719_0044_0023_0046_0046.jpg 1 44 23 46 46
1720_0009_0039_0040_0040.jpg 1 9 39 40 40
1721_0007_0014_0064_0064.jpg 1 7 14 64 64
1722_0031_0030_0041_0041.jpg 1 31 30 41 41
1723_0026_0018_0037_0037.jpg 1 26 18 37 37
1724_0033_0031_0046_0046.jpg 1 33 31 46 46
1725_0017_0043_0042_0042.jpg 1 17 43 42 42
1726_0025_0015_0055_0055.jpg 1 25 15 55 55
1727_0028_0007_0049_0049.jpg 1 28 7 49 49
1728_0024_0018_0068_0068.jpg 1 24 18 68 68
1729_0021_0054_0027_0027.jpg 1 21 54 27 27
1730_0020_0009_0066_0066.jpg 1 20 9 66 66
1731_0043_0038_0036_0036.jpg 1 43 38 36 36
1732_0005_0022_0059_0059.jpg 1 5 22 59 59
1733_0012_0043_0048_0048.jpg 1 12 43 48 48
1734_0030_0014_0054_0054.jpg 1 30 14 54 54
1735_0053_0059_0028_0028.jpg 1 53 59 28 28
1736_0021_0007_0064_0064.jpg 1 21 7 64 64
1737_0029_0034_0027_0027.jpg 1 29 34 27 27
1738_0023_0050_0039_0039.jpg 1 23 50 39 39
1739_0039_0042_0035_0035.jpg 1 39 42 35 35
1740_0026_0059_0031_0031.jpg 1 26 59 31 31
1741_0059_0017_0033_0033.jpg 1 59 17 33 33
1742_0007_0014_0051_0051.jpg 1 7 14 51 51
1743_0038_0021_0030_0030.jpg 1 38 21 30 30
1744_0008_0008_0064_0064.jpg 1 8 8 64 64
1745_0020_0019_0031_0031.jpg 1 20 19 31 31
1746_0026_0021_0064_0064.jpg 1 26 21 64 64
1747_0031_0022_0060_0060.jpg 1 31 22 60 60
1748_0035_0037_0031_0031.jpg 1 35 37 31 31
1749_0015_0049_0031_0031.jpg 1 15 49 31 31
1750_0026_0020_0067_0067.jpg 1 26 20 67 67
1751_0009_0045_0047_0047.jpg 1 9 45 47 47
1752_0011_0028_0055_0055.jpg 1 11 28 55 55
1753_0021_0008_0067_0067.jpg 1 21 8 67 67
1754_0012_0013_0036_0036.jpg 1 12 13 36 36
1755_0027_0015_0069_0069.jpg 1 27 15 69 69
1756_0044_0024_0027_0027.jpg 1 44 24 27 27
1757_0035_0007_0045_0045.jpg 1 35 7 45 45
1758_0020_0020_0032_0032.jpg 1 20 20 32 32
1759_0009_0013_0046_0046.jpg 1 9 13 46 46
1760_0029_0019_0044_0044.jpg 1 29 19 44 44
1761_0044_0039_0026_0026.jpg 1 44 39 26 26
1762_0030_0009_0043_0043.jpg 1 30 9 43 43
1763_0004_0009_0069_0069.jpg 1 4 9 69 69
1764_0025_0049_0026_0026.jpg 1 25 49 26 26
1765_0011_0054_0026_0026.jpg 1 11 54 26 26
1766_0022_0026_0063_0063.jpg 1 22 26 63 63
1767_0007_0012_0052_0052.jpg 1 7 12 52 52
1768_0011_0026_0068_0068.jpg 1 11 26 68 68
1769_0032_0056_0036_0036.jpg 1 32 56 36 36
1770_0018_0029_0057_0057.jpg 1 18 29 57 57
1771_0019_0062_0030_0030.jpg 1 19 62 30 30
1772_0030_0010_0033_0033.jpg 1 30 10 33 33
1773_0031_0030_0055_0055.jpg 1 31 30 55 55
1774_0018_0024_0026_0026.jpg 1 18 24 26 26
1775_0021_0018_0041_0041.jpg 1 21 18 41 41
1776_0014_0014_0051_0051.jpg 1 14 14 51 51
1777_0009_0018_0067_0067.jpg 1 9 18 67 67
1778_0041_0031_0030_0030.jpg 1 41 31 30 30
1779_0027_0041_0053_0053.jpg 1 27 41 53 53
1780_0029_0031_0057_0057.jpg 1 29 31 57 57
1781_0015_0012_0039_0039.jpg 1 15 12 39 39
1782_0037_0006_0058_0058.jpg 1 37 6 58 58
1783_0025_0041_0024_0024.jpg 1 25 41 24 24
1784_0025_0037_0046_0046.jpg 1 25 37 46 46
1785_0041_0025_0027_0027.jpg 1 41 25 27 27
1786_0051_0031_0036_0036.jpg 1 51 31 36 36
1787_0008_0063_0024_0024.jpg 1 8 63 24 24
1788_0015_0027_0046_0046.jpg 1 15 27 46 46
1789_0018_0016_0062_0062.jpg 1 18 16 62 62
1790_0059_0054_0024_0024.jpg 1 59 54 24 24
1791_0054_0026_0036_0036.jpg 1 54 26 36 36
1792_0016_0013_0027_0027.jpg 1 16 13 27 27
1793_0036_0005_0048_0048.jpg 1 36 5 48 48
1794_0033_0040_0051_0051.jpg 1 33 40 51 51
1795_0065_0043_0027_0027.jpg 1 65 43 27 27
1796_0028_0053_0034_0034.jpg 1 28 53 34 34
1797_0004_0003_0065_0065.jpg 1 4 3 65 65
1798_0042_0010_0034_0034.jpg 1 42 10 34 34
1799_0037_0047_0025_0025.jpg 1 37 47 25 25
1800_0028_0022_0051_0051.jpg 1 28 22 51 51
1801_0049_0056_0036_0036.jpg 1 49 56 36 36
1802_0020_0049_0039_0039.jpg 1 20 49 39 39
1803_0017_0005_0054_0054.jpg 1 17 5 54 54
1804_0035_0039_0056_0056.jpg 1 35 39 56 56
1805_0040_0028_0029_0029.jpg 1 40 28 29 29
1806_0033_0029_0045_0045.jpg 1 33 29 45 45
1807_0012_0007_0045_0045.jpg 1 12 7 45 45
1808_0036_0042_0027_0027.jpg 1 36 42 27 27
1809_0039_0018_0028_0028.jpg 1 39 18 28 28
1810_0037_0049_0026_0026.jpg 1 37 49 26 26
1811_0032_0034_0040_0040.jpg 1 32 34 40 40
1812_0022_0005_0068_0068.jpg 1 22 5 68 68
1813_0019_0013_0057_0057.jpg 1 19 13 57 57
1814_0030_0010_0036_0036.jpg 1 30 10 36 36
1815_0023_0013_0065_0065.jpg 1 23 13 65 65
1816_0036_0030_0047_0047.jpg 1 36 30 47 47
1817_0021_0009_0061_0061.jpg 1 21 9 61 61
1818_0041_0027_0029_0029.jpg 1 41 27 29 29
1819_0042_0014_0027_0027.jpg 1 42 14 27 27
1820_0039_0049_0041_0041.jpg 1 39 49 41 41
1821_0009_0008_0069_0069.jpg 1 9 8 69 69
1822_0032_0038_0026_0026.jpg 1 32 38 26 26
1823_0012_0007_0042_0042.jpg 1 12 7 42 42
1824_0018_0004_0065_0065.jpg 1 18 4 65 65
1825_0051_0051_0042_0042.jpg 1 51 51 42 42
1826_0039_0016_0025_0025.jpg 1 39 16 25 25
1827_0023_0021_0034_0034.jpg 1 23 21 34 34
1828_0038_0017_0042_0042.jpg 1 38 17 42 42
1829_0013_0021_0058_0058.jpg 1 13 21 58 58
1830_0016_0022_0068_0068.jpg 1 16 22 68 68
1831_0015_0008_0067_0067.jpg 1 15 8 67 67
1832_0023_0038_0047_0047.jpg 1 23 38 47 47
1833_0030_0014_0066_0066.jpg 1 30 14 66 66
1834_0003_0026_0069_0069.jpg 1 3 26 69 69
1835_0006_0019_0049_0049.jpg 1 6 19 49 49
1836_0008_0028_0038_0038.jpg 1 8 28 38 38
1837_0056_0049_0031_0031.jpg 1 56 49 31 31
1838_0041_0030_0040_0040.jpg 1 41 30 40 40
1839_0008_0019_0066_0066.jpg 1 8 19 66 66
1840_0027_0053_0037_0037.jpg 1 27 53 37 37
1841_0013_0044_0028_0028.jpg 1 13 44 28 28
1842_0037_0025_0047_0047.jpg 1 37 25 47 47
1843_0016_0030_0041_0041.jpg 1 16 30 41 41
1844_0039_0027_0030_0030.jpg 1 39 27 30 30
1845_0024_0009_0040_0040.jpg 1 24 9 40 40
1846_0027_0021_0067_0067.jpg 1 27 21 67 67
1847_0027_0022_0066_0066.jpg 1 27 22 66 66
1848_0053_0055_0029_0029.jpg 1 53 55 29 29
1849_0009_0040_0039_0039.jpg 1 9 40 39 39
1850_0040_0037_0051_0051.jpg 1 40 37 51 51
1851_0046_0031_0039_0039.jpg 1 46 31 39 39
1852_0028_0034_0052_0052.jpg 1 28 34 52 52
1853_0011_0005_0052_0052.jpg 1 11 5 52 52
1854_0045_0026_0036_0036.jpg 1 45 26 36 36
1855_0007_0004_0064_0064.jpg 1 7 4 64 64
1856_0020_0014_0037_0037.jpg 1 20 14 37 37
1857_0026_0026_0068_0068.jpg 1 26 26 68 68
1858_0020_0021_0028_0028.jpg 1 20 21 28 28
1859_0024_0007_0064_0064.jpg 1 24 7 64 64
1860_0028_0047_0042_0042.jpg 1 28 47 42 42
1861_0024_0050_0039_0039.jpg 1 24 50 39 39
1862_0032_0014_0058_0058.jpg 1 32 14 58 58
1863_0008_0026_0060_0060.jpg 1 8 26 60 60
1864_0028_0031_0058_0058.jpg 1 28 31 58 58
1865_0021_0021_0049_0049.jpg 1 21 21 49 49
1866_0005_0033_0057_0057.jpg 1 5 33 57 57
1867_0046_0013_0028_0028.jpg 1 46 13 28 28
1868_0012_0037_0053_0053.jpg 1 12 37 53 53
1869_0024_0028_0048_0048.jpg 1 24 28 48 48
1870_0012_0009_0062_0062.jpg 1 12 9 62 62
1871_0045_0035_0034_0034.jpg 1 45 35 34 34
1872_0054_0055_0028_0028.jpg 1 54 55 28 28
1873_0013_0010_0041_0041.jpg 1 13 10 41 41
1874_0026_0019_0068_0068.jpg 1 26 19 68 68
1875_0006_0028_0057_0057.jpg 1 6 28 57 57
1876_0037_0053_0026_0026.jpg 1 37 53 26 26
1877_0015_0023_0057_0057.jpg 1 15 23 57 57
1878_0017_0032_0052_0052.jpg 1 17 32 52 52
1879_0025_0038_0055_0055.jpg 1 25 38 55 55
1880_0007_0016_0033_0033.jpg 1 7 16 33 33
1881_0017_0018_0045_0045.jpg 1 17 18 45 45
1882_0019_0038_0056_0056.jpg 1 19 38 56 56
1883_0024_0018_0063_0063.jpg 1 24 18 63 63
1884_0035_0012_0037_0037.jpg 1 35 12 37 37
1885_0033_0018_0050_0050.jpg 1 33 18 50 50
1886_0006_0027_0061_0061.jpg 1 6 27 61 61
1887_0039_0041_0032_0032.jpg 1 39 41 32 32
1888_0009_0018_0053_0053.jpg 1 9 18 53 53
1889_0039_0008_0030_0030.jpg 1 39 8 30 30
1890_0014_0031_0065_0065.jpg 1 14 31 65 65
1891_0005_0009_0050_0050.jpg 1 5 9 50 50
1892_0040_0039_0027_0027.jpg 1 40 39 27 27
1893_0018_0019_0037_0037.jpg 1 18 19 37 37
1894_0024_0038_0053_0053.jpg 1 24 38 53 53
1895_0016_0035_0058_0058.jpg 1 16 35 58 58
1896_0033_0018_0059_0059.jpg 1 33 18 59 59
1897_0017_0008_0065_0065.jpg 1 17 8 65 65
1898_0019_0043_0046_0046.jpg 1 19 43 46 46
1899_0035_0036_0051_0051.jpg 1 35 36 51 51
1900_0039_0043_0038_0038.jpg 1 39 43 38 38
1901_0009_0029_0048_0048.jpg 1 9 29 48 48
1902_0007_0032_0034_0034.jpg 1 7 32 34 34
1903_0046_0016_0038_0038.jpg 1 46 16 38 38
1904_0032_0044_0037_0037.jpg 1 32 44 37 37
1905_0030_0014_0032_0032.jpg 1 30 14 32 32
1906_0008_0007_0057_0057.jpg 1 8 7 57 57
1907_0052_0018_0038_0038.jpg 1 52 18 38 38
1908_0010_0034_0030_0030.jpg 1 10 34 30 30
1909_0041_0054_0037_0037.jpg 1 41 54 37 37
1910_0009_0004_0060_0060.jpg 1 9 4 60 60
1911_0023_0022_0028_0028.jpg 1 23 22 28 28
1912_0016_0017_0051_0051.jpg 1 16 17 51 51
1913_0023_0035_0056_0056.jpg 1 23 35 56 56
1914_0056_0025_0030_0030.jpg 1 56 25 30 30
1915_0008_0015_0063_0063.jpg 1 8 15 63 63
1916_0044_0009_0028_0028.jpg 1 44 9 28 28
1917_0015_0034_0061_0061.jpg 1 15 34 61 61
1918_0007_0043_0046_0046.jpg 1 7 43 46 46
1919_0009_0034_0026_0026.jpg 1 9 34 26 26
1920_0028_0058_0034_0034.jpg 1 28 58 34 34
1921_0020_0043_0050_0050.jpg 1 20 43 50 50
1922_0009_0007_0034_0034.jpg 1 9 7 34 34
1923_0015_0022_0061_0061.jpg 1 15 22 61 61
1924_0017_0017_0045_0045.jpg 1 17 17 45 45
1925_0008_0022_0035_0035.jpg 1 8 22 35 35
1926_0021_0024_0056_0056.jpg 1 21 24 56 56
1927_0014_0012_0064_0064.jpg 1 14 12 64 64
1928_0032_0045_0049_0049.jpg 1 32 45 49 49
1929_0011_0021_0037_0037.jpg 1 11 21 37 37
1930_0032_0023_0056_0056.jpg 1 32 23 56 56
1931_0016_0016_0038_0038.jpg 1 16 16 38 38
1932_0012_0053_0034_0034.jpg 1 12 53 34 34
1933_0006_0012_0065_0065.jpg 1 6 12 65 65
1934_0015_0051_0041_0041.jpg 1 15 51 41 41
1935_0036_0034_0031_0031.jpg 1 36 34 31 31
1936_0031_0040_0054_0054.jpg 1 31 40 54 54
1937_0023_0012_0060_0060.jpg 1 23 12 60 60
1938_0016_0046_0030_0030.jpg 1 16 46 30 30
1939_0051_0020_0034_0034.jpg 1 51 20 34 34
1940_0013_0017_0048_0048.jpg 1 13 17 48 48
1941_0029_0030_0041_0041.jpg 1 29 30 41 41
1942_0011_0009_0043_0043.jpg 1 11 9 43 43
1943_0013_0032_0060_0060.jpg 1 13 32 60 60
1944_0008_0034_0057_0057.jpg 1 8 34 57 57
1945_0009_0007_0069_0069.jpg 1 9 7 69 69
1946_0013_0015_0038_0038.jpg 1 13 15 38 38
1947_0020_0015_0067_0067.jpg 1 20 15 67 67
1948_0033_0013_0042_0042.jpg 1 33 13 42 42
1949_0042_0042_0047_0047.jpg 1 42 42 47 47
1950_0023_0008_0058_0058.jpg 1 23 8 58 58
